This file contains any messages produced by compilers while
running configure, to aid debugging if configure makes a mistake.

It was created by cgminer configure 4.12.0-wrk, which was
generated by GNU Autoconf 2.69.  Invocation command line was

  $ ./configure --enable-ants3

## --------- ##
## Platform. ##
## --------- ##

hostname = OpenWrt
uname -m = x86_64
uname -r = 4.4.0-201-generic
uname -s = Linux
uname -v = #233-Ubuntu SMP Thu Jan 14 06:10:28 UTC 2021

/usr/bin/uname -p = unknown
/bin/uname -X     = unknown

/bin/arch              = unknown
/usr/bin/arch -k       = unknown
/usr/convex/getsysinfo = unknown
/usr/bin/hostinfo      = unknown
/bin/machine           = unknown
/usr/bin/oslevel       = unknown
/bin/universe          = unknown

PATH: /home/wareck/bin
PATH: /home/wareck/.local/bin
PATH: /usr/local/sbin
PATH: /usr/local/bin
PATH: /usr/sbin
PATH: /usr/bin
PATH: /sbin
PATH: /bin
PATH: /usr/games
PATH: /usr/local/games
PATH: /snap/bin


## ----------- ##
## Core tests. ##
## ----------- ##

configure:2943: checking build system type
configure:2957: result: x86_64-pc-linux-gnu
configure:2977: checking host system type
configure:2990: result: x86_64-pc-linux-gnu
configure:3010: checking target system type
configure:3023: result: x86_64-pc-linux-gnu
configure:3071: checking for a BSD-compatible install
configure:3139: result: /usr/bin/install -c
configure:3150: checking whether build environment is sane
configure:3205: result: yes
configure:3356: checking for a thread-safe mkdir -p
configure:3395: result: /bin/mkdir -p
configure:3403: checking for gawk
configure:3419: found /usr/bin/gawk
configure:3430: result: gawk
configure:3441: checking whether make sets $(MAKE)
configure:3463: result: yes
configure:3492: checking whether make supports nested variables
configure:3509: result: yes
configure:3646: checking whether make supports nested variables
configure:3663: result: yes
configure:3686: checking for style of include used by make
configure:3714: result: GNU
configure:3785: checking for gcc
configure:3801: found /usr/bin/gcc
configure:3812: result: gcc
configure:4041: checking for C compiler version
configure:4050: gcc --version >&5
gcc (Ubuntu 5.4.0-6ubuntu1~16.04.12) 5.4.0 20160609
Copyright (C) 2015 Free Software Foundation, Inc.
This is free software; see the source for copying conditions.  There is NO
warranty; not even for MERCHANTABILITY or FITNESS FOR A PARTICULAR PURPOSE.

configure:4061: $? = 0
configure:4050: gcc -v >&5
Using built-in specs.
COLLECT_GCC=gcc
COLLECT_LTO_WRAPPER=/usr/lib/gcc/x86_64-linux-gnu/5/lto-wrapper
Target: x86_64-linux-gnu
Configured with: ../src/configure -v --with-pkgversion='Ubuntu 5.4.0-6ubuntu1~16.04.12' --with-bugurl=file:///usr/share/doc/gcc-5/README.Bugs --enable-languages=c,ada,c++,java,go,d,fortran,objc,obj-c++ --prefix=/usr --program-suffix=-5 --enable-shared --enable-linker-build-id --libexecdir=/usr/lib --without-included-gettext --enable-threads=posix --libdir=/usr/lib --enable-nls --with-sysroot=/ --enable-clocale=gnu --enable-libstdcxx-debug --enable-libstdcxx-time=yes --with-default-libstdcxx-abi=new --enable-gnu-unique-object --disable-vtable-verify --enable-libmpx --enable-plugin --with-system-zlib --disable-browser-plugin --enable-java-awt=gtk --enable-gtk-cairo --with-java-home=/usr/lib/jvm/java-1.5.0-gcj-5-amd64/jre --enable-java-home --with-jvm-root-dir=/usr/lib/jvm/java-1.5.0-gcj-5-amd64 --with-jvm-jar-dir=/usr/lib/jvm-exports/java-1.5.0-gcj-5-amd64 --with-arch-directory=amd64 --with-ecj-jar=/usr/share/java/eclipse-ecj.jar --enable-objc-gc --enable-multiarch --disable-werror --with-arch-32=i686 --with-abi=m64 --with-multilib-list=m32,m64,mx32 --enable-multilib --with-tune=generic --enable-checking=release --build=x86_64-linux-gnu --host=x86_64-linux-gnu --target=x86_64-linux-gnu
Thread model: posix
gcc version 5.4.0 20160609 (Ubuntu 5.4.0-6ubuntu1~16.04.12) 
configure:4061: $? = 0
configure:4050: gcc -V >&5
gcc: error: unrecognized command line option '-V'
gcc: fatal error: no input files
compilation terminated.
configure:4061: $? = 1
configure:4050: gcc -qversion >&5
gcc: error: unrecognized command line option '-qversion'
gcc: fatal error: no input files
compilation terminated.
configure:4061: $? = 1
configure:4081: checking whether the C compiler works
configure:4103: gcc    conftest.c  >&5
configure:4107: $? = 0
configure:4155: result: yes
configure:4158: checking for C compiler default output file name
configure:4160: result: a.out
configure:4166: checking for suffix of executables
configure:4173: gcc -o conftest    conftest.c  >&5
configure:4177: $? = 0
configure:4199: result: 
configure:4221: checking whether we are cross compiling
configure:4229: gcc -o conftest    conftest.c  >&5
configure:4233: $? = 0
configure:4240: ./conftest
configure:4244: $? = 0
configure:4259: result: no
configure:4264: checking for suffix of object files
configure:4286: gcc -c   conftest.c >&5
configure:4290: $? = 0
configure:4311: result: o
configure:4315: checking whether we are using the GNU C compiler
configure:4334: gcc -c   conftest.c >&5
configure:4334: $? = 0
configure:4343: result: yes
configure:4352: checking whether gcc accepts -g
configure:4372: gcc -c -g  conftest.c >&5
configure:4372: $? = 0
configure:4413: result: yes
configure:4430: checking for gcc option to accept ISO C89
configure:4493: gcc  -c -g -O2  conftest.c >&5
configure:4493: $? = 0
configure:4506: result: none needed
configure:4531: checking whether gcc understands -c and -o together
configure:4553: gcc -c conftest.c -o conftest2.o
configure:4556: $? = 0
configure:4553: gcc -c conftest.c -o conftest2.o
configure:4556: $? = 0
configure:4568: result: yes
configure:4587: checking dependency style of gcc
configure:4698: result: gcc3
configure:4719: checking how to run the C preprocessor
configure:4750: gcc -E  conftest.c
configure:4750: $? = 0
configure:4764: gcc -E  conftest.c
conftest.c:11:28: fatal error: ac_nonexistent.h: No such file or directory
compilation terminated.
configure:4764: $? = 1
configure: failed program was:
| /* confdefs.h */
| #define PACKAGE_NAME "cgminer"
| #define PACKAGE_TARNAME "cgminer"
| #define PACKAGE_VERSION "4.12.0-wrk"
| #define PACKAGE_STRING "cgminer 4.12.0-wrk"
| #define PACKAGE_BUGREPORT "kernel@kolivas.org"
| #define PACKAGE_URL ""
| #define PACKAGE "cgminer"
| #define VERSION "4.12.0-wrk"
| /* end confdefs.h.  */
| #include <ac_nonexistent.h>
configure:4789: result: gcc -E
configure:4809: gcc -E  conftest.c
configure:4809: $? = 0
configure:4823: gcc -E  conftest.c
conftest.c:11:28: fatal error: ac_nonexistent.h: No such file or directory
compilation terminated.
configure:4823: $? = 1
configure: failed program was:
| /* confdefs.h */
| #define PACKAGE_NAME "cgminer"
| #define PACKAGE_TARNAME "cgminer"
| #define PACKAGE_VERSION "4.12.0-wrk"
| #define PACKAGE_STRING "cgminer 4.12.0-wrk"
| #define PACKAGE_BUGREPORT "kernel@kolivas.org"
| #define PACKAGE_URL ""
| #define PACKAGE "cgminer"
| #define VERSION "4.12.0-wrk"
| /* end confdefs.h.  */
| #include <ac_nonexistent.h>
configure:4852: checking for grep that handles long lines and -e
configure:4910: result: /bin/grep
configure:4915: checking for egrep
configure:4977: result: /bin/grep -E
configure:4982: checking for ANSI C header files
configure:5002: gcc -c -g -O2  conftest.c >&5
configure:5002: $? = 0
configure:5075: gcc -o conftest -g -O2   conftest.c  >&5
configure:5075: $? = 0
configure:5075: ./conftest
configure:5075: $? = 0
configure:5086: result: yes
configure:5099: checking for sys/types.h
configure:5099: gcc -c -g -O2  conftest.c >&5
configure:5099: $? = 0
configure:5099: result: yes
configure:5099: checking for sys/stat.h
configure:5099: gcc -c -g -O2  conftest.c >&5
configure:5099: $? = 0
configure:5099: result: yes
configure:5099: checking for stdlib.h
configure:5099: gcc -c -g -O2  conftest.c >&5
configure:5099: $? = 0
configure:5099: result: yes
configure:5099: checking for string.h
configure:5099: gcc -c -g -O2  conftest.c >&5
configure:5099: $? = 0
configure:5099: result: yes
configure:5099: checking for memory.h
configure:5099: gcc -c -g -O2  conftest.c >&5
configure:5099: $? = 0
configure:5099: result: yes
configure:5099: checking for strings.h
configure:5099: gcc -c -g -O2  conftest.c >&5
configure:5099: $? = 0
configure:5099: result: yes
configure:5099: checking for inttypes.h
configure:5099: gcc -c -g -O2  conftest.c >&5
configure:5099: $? = 0
configure:5099: result: yes
configure:5099: checking for stdint.h
configure:5099: gcc -c -g -O2  conftest.c >&5
configure:5099: $? = 0
configure:5099: result: yes
configure:5099: checking for unistd.h
configure:5099: gcc -c -g -O2  conftest.c >&5
configure:5099: $? = 0
configure:5099: result: yes
configure:5114: checking minix/config.h usability
configure:5114: gcc -c -g -O2  conftest.c >&5
conftest.c:54:26: fatal error: minix/config.h: No such file or directory
compilation terminated.
configure:5114: $? = 1
configure: failed program was:
| /* confdefs.h */
| #define PACKAGE_NAME "cgminer"
| #define PACKAGE_TARNAME "cgminer"
| #define PACKAGE_VERSION "4.12.0-wrk"
| #define PACKAGE_STRING "cgminer 4.12.0-wrk"
| #define PACKAGE_BUGREPORT "kernel@kolivas.org"
| #define PACKAGE_URL ""
| #define PACKAGE "cgminer"
| #define VERSION "4.12.0-wrk"
| #define STDC_HEADERS 1
| #define HAVE_SYS_TYPES_H 1
| #define HAVE_SYS_STAT_H 1
| #define HAVE_STDLIB_H 1
| #define HAVE_STRING_H 1
| #define HAVE_MEMORY_H 1
| #define HAVE_STRINGS_H 1
| #define HAVE_INTTYPES_H 1
| #define HAVE_STDINT_H 1
| #define HAVE_UNISTD_H 1
| /* end confdefs.h.  */
| #include <stdio.h>
| #ifdef HAVE_SYS_TYPES_H
| # include <sys/types.h>
| #endif
| #ifdef HAVE_SYS_STAT_H
| # include <sys/stat.h>
| #endif
| #ifdef STDC_HEADERS
| # include <stdlib.h>
| # include <stddef.h>
| #else
| # ifdef HAVE_STDLIB_H
| #  include <stdlib.h>
| # endif
| #endif
| #ifdef HAVE_STRING_H
| # if !defined STDC_HEADERS && defined HAVE_MEMORY_H
| #  include <memory.h>
| # endif
| # include <string.h>
| #endif
| #ifdef HAVE_STRINGS_H
| # include <strings.h>
| #endif
| #ifdef HAVE_INTTYPES_H
| # include <inttypes.h>
| #endif
| #ifdef HAVE_STDINT_H
| # include <stdint.h>
| #endif
| #ifdef HAVE_UNISTD_H
| # include <unistd.h>
| #endif
| #include <minix/config.h>
configure:5114: result: no
configure:5114: checking minix/config.h presence
configure:5114: gcc -E  conftest.c
conftest.c:21:26: fatal error: minix/config.h: No such file or directory
compilation terminated.
configure:5114: $? = 1
configure: failed program was:
| /* confdefs.h */
| #define PACKAGE_NAME "cgminer"
| #define PACKAGE_TARNAME "cgminer"
| #define PACKAGE_VERSION "4.12.0-wrk"
| #define PACKAGE_STRING "cgminer 4.12.0-wrk"
| #define PACKAGE_BUGREPORT "kernel@kolivas.org"
| #define PACKAGE_URL ""
| #define PACKAGE "cgminer"
| #define VERSION "4.12.0-wrk"
| #define STDC_HEADERS 1
| #define HAVE_SYS_TYPES_H 1
| #define HAVE_SYS_STAT_H 1
| #define HAVE_STDLIB_H 1
| #define HAVE_STRING_H 1
| #define HAVE_MEMORY_H 1
| #define HAVE_STRINGS_H 1
| #define HAVE_INTTYPES_H 1
| #define HAVE_STDINT_H 1
| #define HAVE_UNISTD_H 1
| /* end confdefs.h.  */
| #include <minix/config.h>
configure:5114: result: no
configure:5114: checking for minix/config.h
configure:5114: result: no
configure:5143: checking whether it is safe to define __EXTENSIONS__
configure:5161: gcc -c -g -O2  conftest.c >&5
configure:5161: $? = 0
configure:5168: result: yes
configure:5215: checking whether to enable maintainer-specific portions of Makefiles
configure:5224: result: no
configure:5287: checking for gcc
configure:5314: result: gcc
configure:5543: checking for C compiler version
configure:5552: gcc --version >&5
gcc (Ubuntu 5.4.0-6ubuntu1~16.04.12) 5.4.0 20160609
Copyright (C) 2015 Free Software Foundation, Inc.
This is free software; see the source for copying conditions.  There is NO
warranty; not even for MERCHANTABILITY or FITNESS FOR A PARTICULAR PURPOSE.

configure:5563: $? = 0
configure:5552: gcc -v >&5
Using built-in specs.
COLLECT_GCC=gcc
COLLECT_LTO_WRAPPER=/usr/lib/gcc/x86_64-linux-gnu/5/lto-wrapper
Target: x86_64-linux-gnu
Configured with: ../src/configure -v --with-pkgversion='Ubuntu 5.4.0-6ubuntu1~16.04.12' --with-bugurl=file:///usr/share/doc/gcc-5/README.Bugs --enable-languages=c,ada,c++,java,go,d,fortran,objc,obj-c++ --prefix=/usr --program-suffix=-5 --enable-shared --enable-linker-build-id --libexecdir=/usr/lib --without-included-gettext --enable-threads=posix --libdir=/usr/lib --enable-nls --with-sysroot=/ --enable-clocale=gnu --enable-libstdcxx-debug --enable-libstdcxx-time=yes --with-default-libstdcxx-abi=new --enable-gnu-unique-object --disable-vtable-verify --enable-libmpx --enable-plugin --with-system-zlib --disable-browser-plugin --enable-java-awt=gtk --enable-gtk-cairo --with-java-home=/usr/lib/jvm/java-1.5.0-gcj-5-amd64/jre --enable-java-home --with-jvm-root-dir=/usr/lib/jvm/java-1.5.0-gcj-5-amd64 --with-jvm-jar-dir=/usr/lib/jvm-exports/java-1.5.0-gcj-5-amd64 --with-arch-directory=amd64 --with-ecj-jar=/usr/share/java/eclipse-ecj.jar --enable-objc-gc --enable-multiarch --disable-werror --with-arch-32=i686 --with-abi=m64 --with-multilib-list=m32,m64,mx32 --enable-multilib --with-tune=generic --enable-checking=release --build=x86_64-linux-gnu --host=x86_64-linux-gnu --target=x86_64-linux-gnu
Thread model: posix
gcc version 5.4.0 20160609 (Ubuntu 5.4.0-6ubuntu1~16.04.12) 
configure:5563: $? = 0
configure:5552: gcc -V >&5
gcc: error: unrecognized command line option '-V'
gcc: fatal error: no input files
compilation terminated.
configure:5563: $? = 1
configure:5552: gcc -qversion >&5
gcc: error: unrecognized command line option '-qversion'
gcc: fatal error: no input files
compilation terminated.
configure:5563: $? = 1
configure:5567: checking whether we are using the GNU C compiler
configure:5595: result: yes
configure:5604: checking whether gcc accepts -g
configure:5665: result: yes
configure:5682: checking for gcc option to accept ISO C89
configure:5758: result: none needed
configure:5783: checking whether gcc understands -c and -o together
configure:5820: result: yes
configure:5839: checking dependency style of gcc
configure:5950: result: gcc3
configure:6008: checking for ranlib
configure:6024: found /usr/bin/ranlib
configure:6035: result: ranlib
configure:6083: checking whether gcc needs -traditional
configure:6117: result: no
configure:6143: checking sys/mman.h usability
configure:6143: gcc -c -g -O2 -std=gnu11  conftest.c >&5
configure:6143: $? = 0
configure:6143: result: yes
configure:6143: checking sys/mman.h presence
configure:6143: gcc -E  conftest.c
configure:6143: $? = 0
configure:6143: result: yes
configure:6143: checking for sys/mman.h
configure:6143: result: yes
configure:6143: checking wchar.h usability
configure:6143: gcc -c -g -O2 -std=gnu11  conftest.c >&5
configure:6143: $? = 0
configure:6143: result: yes
configure:6143: checking wchar.h presence
configure:6143: gcc -E  conftest.c
configure:6143: $? = 0
configure:6143: result: yes
configure:6143: checking for wchar.h
configure:6143: result: yes
configure:6143: checking for stdint.h
configure:6143: result: yes
configure:6164: checking for mprotect
configure:6164: gcc -o conftest -g -O2 -std=gnu11   conftest.c  >&5
configure:6164: $? = 0
configure:6164: result: yes
configure:6164: checking for sigaction
configure:6164: gcc -o conftest -g -O2 -std=gnu11   conftest.c  >&5
configure:6164: $? = 0
configure:6164: result: yes
configure:6164: checking for sigaltstack
configure:6164: gcc -o conftest -g -O2 -std=gnu11   conftest.c  >&5
configure:6164: $? = 0
configure:6164: result: yes
configure:6164: checking for siginterrupt
configure:6164: gcc -o conftest -g -O2 -std=gnu11   conftest.c  >&5
configure:6164: $? = 0
configure:6164: result: yes
configure:6255: checking for mmap
configure:6255: gcc -o conftest -g -O2 -std=gnu11   conftest.c  >&5
configure:6255: $? = 0
configure:6255: result: yes
configure:6266: checking for MAP_ANONYMOUS
configure:6303: result: yes
configure:6337: checking whether memchr works
configure:6400: gcc -o conftest -g -O2 -std=gnu11   conftest.c  >&5
configure:6400: $? = 0
configure:6400: ./conftest
configure:6400: $? = 0
configure:6410: result: yes
configure:6418: checking whether memmem is declared
configure:6418: gcc -c -g -O2 -std=gnu11  conftest.c >&5
configure:6418: $? = 0
configure:6418: result: yes
configure:6436: checking for memmem
configure:6436: gcc -o conftest -g -O2 -std=gnu11   conftest.c  >&5
configure:6436: $? = 0
configure:6436: result: yes
configure:6460: checking whether memmem works
configure:6524: gcc -o conftest -g -O2 -std=gnu11   conftest.c  >&5
conftest.c: In function 'main':
conftest.c:55:7: warning: null argument where non-null required (argument 3) [-Wnonnull]
       if (memmem (haystack, 3, NULL, 0) != haystack)
       ^
configure:6524: $? = 0
configure:6524: ./conftest
configure:6524: $? = 0
configure:6535: result: yes
configure:6553: gcc -c -g -O2 -std=gnu11  conftest.c >&5
conftest.c:40:10: error: unknown type name 'not'
          not a universal capable compiler
          ^
conftest.c:40:16: error: expected '=', ',', ';', 'asm' or '__attribute__' before 'universal'
          not a universal capable compiler
                ^
conftest.c:40:16: error: unknown type name 'universal'
configure:6553: $? = 1
configure: failed program was:
| /* confdefs.h */
| #define PACKAGE_NAME "cgminer"
| #define PACKAGE_TARNAME "cgminer"
| #define PACKAGE_VERSION "4.12.0-wrk"
| #define PACKAGE_STRING "cgminer 4.12.0-wrk"
| #define PACKAGE_BUGREPORT "kernel@kolivas.org"
| #define PACKAGE_URL ""
| #define PACKAGE "cgminer"
| #define VERSION "4.12.0-wrk"
| #define STDC_HEADERS 1
| #define HAVE_SYS_TYPES_H 1
| #define HAVE_SYS_STAT_H 1
| #define HAVE_STDLIB_H 1
| #define HAVE_STRING_H 1
| #define HAVE_MEMORY_H 1
| #define HAVE_STRINGS_H 1
| #define HAVE_INTTYPES_H 1
| #define HAVE_STDINT_H 1
| #define HAVE_UNISTD_H 1
| #define __EXTENSIONS__ 1
| #define _ALL_SOURCE 1
| #define _GNU_SOURCE 1
| #define _POSIX_PTHREAD_SEMANTICS 1
| #define _TANDEM_SOURCE 1
| #define CGMINER_MAJOR_VERSION 4
| #define CGMINER_MINOR_VERSION 12
| #define CGMINER_MINOR_SUBVERSION 0-wrk
| #define HAVE_SYS_MMAN_H 1
| #define HAVE_WCHAR_H 1
| #define HAVE_STDINT_H 1
| #define HAVE_MPROTECT 1
| #define HAVE_SIGACTION 1
| #define HAVE_SIGALTSTACK 1
| #define HAVE_SIGINTERRUPT 1
| #define HAVE_MAP_ANONYMOUS 1
| #define HAVE_DECL_MEMMEM 1
| #define HAVE_MEMMEM 1
| /* end confdefs.h.  */
| #ifndef __APPLE_CC__
|          not a universal capable compiler
|         #endif
|         typedef int dummy;
| 
configure:6604: checking for C/C++ restrict keyword
configure:6629: gcc -c -g -O2 -std=gnu11  conftest.c >&5
configure:6629: $? = 0
configure:6637: result: __restrict
configure:6650: checking for uid_t in sys/types.h
configure:6669: result: yes
configure:6680: checking for inline
configure:6696: gcc -c -g -O2 -std=gnu11  conftest.c >&5
configure:6696: $? = 0
configure:6704: result: inline
configure:6737: checking whether the preprocessor supports include_next
configure:6775: gcc -c -g -O2 -std=gnu11  -Iconftestd1b -Iconftestd2 conftest.c >&5
configure:6775: $? = 0
configure:6796: result: yes
configure:6817: checking whether system header files limit the line length
configure:6840: result: no
configure:6854: checking for wchar_t
configure:6871: gcc -c -g -O2 -std=gnu11  conftest.c >&5
configure:6871: $? = 0
configure:6878: result: yes
configure:6887: checking for unsigned long long int
configure:6926: gcc -o conftest -g -O2 -std=gnu11   conftest.c  >&5
configure:6926: $? = 0
configure:6935: result: yes
configure:6945: checking for long long int
configure:6983: gcc -o conftest -g -O2 -std=gnu11   conftest.c  >&5
configure:6983: $? = 0
configure:6983: ./conftest
configure:6983: $? = 0
configure:6995: result: yes
configure:7132: checking whether stdint.h conforms to C99
configure:7303: gcc -c -g -O2 -std=gnu11  conftest.c >&5
configure:7303: $? = 0
configure:7385: gcc -o conftest -g -O2 -std=gnu11   conftest.c  >&5
configure:7385: $? = 0
configure:7385: ./conftest
configure:7385: $? = 0
configure:7397: result: yes
configure:7796: checking whether memmem is declared without a macro
configure:7814: gcc -c -g -O2 -std=gnu11  conftest.c >&5
configure:7814: $? = 0
configure:7822: result: yes
configure:7796: checking whether mempcpy is declared without a macro
configure:7814: gcc -c -g -O2 -std=gnu11  conftest.c >&5
configure:7814: $? = 0
configure:7822: result: yes
configure:7796: checking whether memrchr is declared without a macro
configure:7814: gcc -c -g -O2 -std=gnu11  conftest.c >&5
configure:7814: $? = 0
configure:7822: result: yes
configure:7796: checking whether rawmemchr is declared without a macro
configure:7814: gcc -c -g -O2 -std=gnu11  conftest.c >&5
configure:7814: $? = 0
configure:7822: result: yes
configure:7796: checking whether stpcpy is declared without a macro
configure:7814: gcc -c -g -O2 -std=gnu11  conftest.c >&5
configure:7814: $? = 0
configure:7822: result: yes
configure:7796: checking whether stpncpy is declared without a macro
configure:7814: gcc -c -g -O2 -std=gnu11  conftest.c >&5
configure:7814: $? = 0
configure:7822: result: yes
configure:7796: checking whether strchrnul is declared without a macro
configure:7814: gcc -c -g -O2 -std=gnu11  conftest.c >&5
configure:7814: $? = 0
configure:7822: result: yes
configure:7796: checking whether strdup is declared without a macro
configure:7814: gcc -c -g -O2 -std=gnu11  conftest.c >&5
configure:7814: $? = 0
configure:7822: result: yes
configure:7796: checking whether strncat is declared without a macro
configure:7814: gcc -c -g -O2 -std=gnu11  conftest.c >&5
configure:7814: $? = 0
configure:7822: result: yes
configure:7796: checking whether strndup is declared without a macro
configure:7814: gcc -c -g -O2 -std=gnu11  conftest.c >&5
configure:7814: $? = 0
configure:7822: result: yes
configure:7796: checking whether strnlen is declared without a macro
configure:7814: gcc -c -g -O2 -std=gnu11  conftest.c >&5
configure:7814: $? = 0
configure:7822: result: yes
configure:7796: checking whether strpbrk is declared without a macro
configure:7814: gcc -c -g -O2 -std=gnu11  conftest.c >&5
configure:7814: $? = 0
configure:7822: result: yes
configure:7796: checking whether strsep is declared without a macro
configure:7814: gcc -c -g -O2 -std=gnu11  conftest.c >&5
configure:7814: $? = 0
configure:7822: result: yes
configure:7796: checking whether strcasestr is declared without a macro
configure:7814: gcc -c -g -O2 -std=gnu11  conftest.c >&5
configure:7814: $? = 0
configure:7822: result: yes
configure:7796: checking whether strtok_r is declared without a macro
configure:7814: gcc -c -g -O2 -std=gnu11  conftest.c >&5
configure:7814: $? = 0
configure:7822: result: yes
configure:7796: checking whether strerror_r is declared without a macro
configure:7814: gcc -c -g -O2 -std=gnu11  conftest.c >&5
configure:7814: $? = 0
configure:7822: result: yes
configure:7796: checking whether strsignal is declared without a macro
configure:7814: gcc -c -g -O2 -std=gnu11  conftest.c >&5
configure:7814: $? = 0
configure:7822: result: yes
configure:7796: checking whether strverscmp is declared without a macro
configure:7814: gcc -c -g -O2 -std=gnu11  conftest.c >&5
configure:7814: $? = 0
configure:7822: result: yes
configure:7902: checking whether memmem works in linear time
configure:7973: gcc -o conftest -g -O2 -std=gnu11   conftest.c  >&5
configure:7973: $? = 0
configure:7973: ./conftest
configure:7973: $? = 0
configure:7984: result: yes
configure:8009: checking for memmem
configure:8009: result: yes
configure:8033: checking whether memmem works
configure:8108: result: yes
configure:8154: checking for struct sigaction.sa_sigaction
configure:8154: gcc -c -g -O2 -std=gnu11  conftest.c >&5
configure:8154: $? = 0
configure:8154: result: yes
configure:8289: checking for volatile sig_atomic_t
configure:8289: gcc -c -g -O2 -std=gnu11  conftest.c >&5
configure:8289: $? = 0
configure:8289: gcc -c -g -O2 -std=gnu11  conftest.c >&5
conftest.c: In function 'main':
conftest.c:73:36: error: expected expression before ')' token
 if (sizeof ((volatile sig_atomic_t)))
                                    ^
configure:8289: $? = 1
configure: failed program was:
| /* confdefs.h */
| #define PACKAGE_NAME "cgminer"
| #define PACKAGE_TARNAME "cgminer"
| #define PACKAGE_VERSION "4.12.0-wrk"
| #define PACKAGE_STRING "cgminer 4.12.0-wrk"
| #define PACKAGE_BUGREPORT "kernel@kolivas.org"
| #define PACKAGE_URL ""
| #define PACKAGE "cgminer"
| #define VERSION "4.12.0-wrk"
| #define STDC_HEADERS 1
| #define HAVE_SYS_TYPES_H 1
| #define HAVE_SYS_STAT_H 1
| #define HAVE_STDLIB_H 1
| #define HAVE_STRING_H 1
| #define HAVE_MEMORY_H 1
| #define HAVE_STRINGS_H 1
| #define HAVE_INTTYPES_H 1
| #define HAVE_STDINT_H 1
| #define HAVE_UNISTD_H 1
| #define __EXTENSIONS__ 1
| #define _ALL_SOURCE 1
| #define _GNU_SOURCE 1
| #define _POSIX_PTHREAD_SEMANTICS 1
| #define _TANDEM_SOURCE 1
| #define CGMINER_MAJOR_VERSION 4
| #define CGMINER_MINOR_VERSION 12
| #define CGMINER_MINOR_SUBVERSION 0-wrk
| #define HAVE_SYS_MMAN_H 1
| #define HAVE_WCHAR_H 1
| #define HAVE_STDINT_H 1
| #define HAVE_MPROTECT 1
| #define HAVE_SIGACTION 1
| #define HAVE_SIGALTSTACK 1
| #define HAVE_SIGINTERRUPT 1
| #define HAVE_MAP_ANONYMOUS 1
| #define HAVE_DECL_MEMMEM 1
| #define HAVE_MEMMEM 1
| #define restrict __restrict
| #define HAVE_WCHAR_T 1
| #define HAVE_UNSIGNED_LONG_LONG_INT 1
| #define HAVE_LONG_LONG_INT 1
| #define HAVE_RAW_DECL_MEMMEM 1
| #define HAVE_RAW_DECL_MEMPCPY 1
| #define HAVE_RAW_DECL_MEMRCHR 1
| #define HAVE_RAW_DECL_RAWMEMCHR 1
| #define HAVE_RAW_DECL_STPCPY 1
| #define HAVE_RAW_DECL_STPNCPY 1
| #define HAVE_RAW_DECL_STRCHRNUL 1
| #define HAVE_RAW_DECL_STRDUP 1
| #define HAVE_RAW_DECL_STRNCAT 1
| #define HAVE_RAW_DECL_STRNDUP 1
| #define HAVE_RAW_DECL_STRNLEN 1
| #define HAVE_RAW_DECL_STRPBRK 1
| #define HAVE_RAW_DECL_STRSEP 1
| #define HAVE_RAW_DECL_STRCASESTR 1
| #define HAVE_RAW_DECL_STRTOK_R 1
| #define HAVE_RAW_DECL_STRERROR_R 1
| #define HAVE_RAW_DECL_STRSIGNAL 1
| #define HAVE_RAW_DECL_STRVERSCMP 1
| #define GNULIB_TEST_MEMCHR 1
| #define HAVE_MEMMEM 1
| #define GNULIB_TEST_MEMMEM 1
| #define HAVE_STRUCT_SIGACTION_SA_SIGACTION 1
| #define GNULIB_TEST_SIGACTION 1
| /* end confdefs.h.  */
| 
| #include <signal.h>
| 
| 
| int
| main ()
| {
| if (sizeof ((volatile sig_atomic_t)))
| 	    return 0;
|   ;
|   return 0;
| }
configure:8289: result: yes
configure:8303: checking for sighandler_t
configure:8303: gcc -c -g -O2 -std=gnu11  conftest.c >&5
configure:8303: $? = 0
configure:8303: gcc -c -g -O2 -std=gnu11  conftest.c >&5
conftest.c: In function 'main':
conftest.c:73:27: error: expected expression before ')' token
 if (sizeof ((sighandler_t)))
                           ^
configure:8303: $? = 1
configure: failed program was:
| /* confdefs.h */
| #define PACKAGE_NAME "cgminer"
| #define PACKAGE_TARNAME "cgminer"
| #define PACKAGE_VERSION "4.12.0-wrk"
| #define PACKAGE_STRING "cgminer 4.12.0-wrk"
| #define PACKAGE_BUGREPORT "kernel@kolivas.org"
| #define PACKAGE_URL ""
| #define PACKAGE "cgminer"
| #define VERSION "4.12.0-wrk"
| #define STDC_HEADERS 1
| #define HAVE_SYS_TYPES_H 1
| #define HAVE_SYS_STAT_H 1
| #define HAVE_STDLIB_H 1
| #define HAVE_STRING_H 1
| #define HAVE_MEMORY_H 1
| #define HAVE_STRINGS_H 1
| #define HAVE_INTTYPES_H 1
| #define HAVE_STDINT_H 1
| #define HAVE_UNISTD_H 1
| #define __EXTENSIONS__ 1
| #define _ALL_SOURCE 1
| #define _GNU_SOURCE 1
| #define _POSIX_PTHREAD_SEMANTICS 1
| #define _TANDEM_SOURCE 1
| #define CGMINER_MAJOR_VERSION 4
| #define CGMINER_MINOR_VERSION 12
| #define CGMINER_MINOR_SUBVERSION 0-wrk
| #define HAVE_SYS_MMAN_H 1
| #define HAVE_WCHAR_H 1
| #define HAVE_STDINT_H 1
| #define HAVE_MPROTECT 1
| #define HAVE_SIGACTION 1
| #define HAVE_SIGALTSTACK 1
| #define HAVE_SIGINTERRUPT 1
| #define HAVE_MAP_ANONYMOUS 1
| #define HAVE_DECL_MEMMEM 1
| #define HAVE_MEMMEM 1
| #define restrict __restrict
| #define HAVE_WCHAR_T 1
| #define HAVE_UNSIGNED_LONG_LONG_INT 1
| #define HAVE_LONG_LONG_INT 1
| #define HAVE_RAW_DECL_MEMMEM 1
| #define HAVE_RAW_DECL_MEMPCPY 1
| #define HAVE_RAW_DECL_MEMRCHR 1
| #define HAVE_RAW_DECL_RAWMEMCHR 1
| #define HAVE_RAW_DECL_STPCPY 1
| #define HAVE_RAW_DECL_STPNCPY 1
| #define HAVE_RAW_DECL_STRCHRNUL 1
| #define HAVE_RAW_DECL_STRDUP 1
| #define HAVE_RAW_DECL_STRNCAT 1
| #define HAVE_RAW_DECL_STRNDUP 1
| #define HAVE_RAW_DECL_STRNLEN 1
| #define HAVE_RAW_DECL_STRPBRK 1
| #define HAVE_RAW_DECL_STRSEP 1
| #define HAVE_RAW_DECL_STRCASESTR 1
| #define HAVE_RAW_DECL_STRTOK_R 1
| #define HAVE_RAW_DECL_STRERROR_R 1
| #define HAVE_RAW_DECL_STRSIGNAL 1
| #define HAVE_RAW_DECL_STRVERSCMP 1
| #define GNULIB_TEST_MEMCHR 1
| #define HAVE_MEMMEM 1
| #define GNULIB_TEST_MEMMEM 1
| #define HAVE_STRUCT_SIGACTION_SA_SIGACTION 1
| #define GNULIB_TEST_SIGACTION 1
| /* end confdefs.h.  */
| 
| #include <signal.h>
| 
| 
| int
| main ()
| {
| if (sizeof ((sighandler_t)))
| 	    return 0;
|   ;
|   return 0;
| }
configure:8303: result: yes
configure:8317: checking whether sigaction is declared without a macro
configure:8335: gcc -c -g -O2 -std=gnu11  conftest.c >&5
configure:8335: $? = 0
configure:8343: result: yes
configure:8317: checking whether sigaddset is declared without a macro
configure:8335: gcc -c -g -O2 -std=gnu11  conftest.c >&5
configure:8335: $? = 0
configure:8343: result: yes
configure:8317: checking whether sigdelset is declared without a macro
configure:8335: gcc -c -g -O2 -std=gnu11  conftest.c >&5
configure:8335: $? = 0
configure:8343: result: yes
configure:8317: checking whether sigemptyset is declared without a macro
configure:8335: gcc -c -g -O2 -std=gnu11  conftest.c >&5
configure:8335: $? = 0
configure:8343: result: yes
configure:8317: checking whether sigfillset is declared without a macro
configure:8335: gcc -c -g -O2 -std=gnu11  conftest.c >&5
configure:8335: $? = 0
configure:8343: result: yes
configure:8317: checking whether sigismember is declared without a macro
configure:8335: gcc -c -g -O2 -std=gnu11  conftest.c >&5
configure:8335: $? = 0
configure:8343: result: yes
configure:8317: checking whether sigpending is declared without a macro
configure:8335: gcc -c -g -O2 -std=gnu11  conftest.c >&5
configure:8335: $? = 0
configure:8343: result: yes
configure:8317: checking whether sigprocmask is declared without a macro
configure:8335: gcc -c -g -O2 -std=gnu11  conftest.c >&5
configure:8335: $? = 0
configure:8343: result: yes
configure:8372: checking for sigprocmask
configure:8372: gcc -o conftest -g -O2 -std=gnu11   conftest.c  >&5
configure:8372: $? = 0
configure:8372: result: yes
configure:8439: checking whether NULL can be used in arbitrary expressions
configure:8457: gcc -c -g -O2 -std=gnu11  conftest.c >&5
configure:8457: $? = 0
configure:8464: result: yes
configure:8579: checking for ANSI C header files
configure:8683: result: yes
configure:8693: checking syslog.h usability
configure:8693: gcc -c -g -O2 -std=gnu11  conftest.c >&5
configure:8693: $? = 0
configure:8693: result: yes
configure:8693: checking syslog.h presence
configure:8693: gcc -E  conftest.c
configure:8693: $? = 0
configure:8693: result: yes
configure:8693: checking for syslog.h
configure:8693: result: yes
configure:8704: checking for size_t
configure:8704: gcc -c -g -O2 -std=gnu11  conftest.c >&5
configure:8704: $? = 0
configure:8704: gcc -c -g -O2 -std=gnu11  conftest.c >&5
conftest.c: In function 'main':
conftest.c:113:21: error: expected expression before ')' token
 if (sizeof ((size_t)))
                     ^
configure:8704: $? = 1
configure: failed program was:
| /* confdefs.h */
| #define PACKAGE_NAME "cgminer"
| #define PACKAGE_TARNAME "cgminer"
| #define PACKAGE_VERSION "4.12.0-wrk"
| #define PACKAGE_STRING "cgminer 4.12.0-wrk"
| #define PACKAGE_BUGREPORT "kernel@kolivas.org"
| #define PACKAGE_URL ""
| #define PACKAGE "cgminer"
| #define VERSION "4.12.0-wrk"
| #define STDC_HEADERS 1
| #define HAVE_SYS_TYPES_H 1
| #define HAVE_SYS_STAT_H 1
| #define HAVE_STDLIB_H 1
| #define HAVE_STRING_H 1
| #define HAVE_MEMORY_H 1
| #define HAVE_STRINGS_H 1
| #define HAVE_INTTYPES_H 1
| #define HAVE_STDINT_H 1
| #define HAVE_UNISTD_H 1
| #define __EXTENSIONS__ 1
| #define _ALL_SOURCE 1
| #define _GNU_SOURCE 1
| #define _POSIX_PTHREAD_SEMANTICS 1
| #define _TANDEM_SOURCE 1
| #define CGMINER_MAJOR_VERSION 4
| #define CGMINER_MINOR_VERSION 12
| #define CGMINER_MINOR_SUBVERSION 0-wrk
| #define HAVE_SYS_MMAN_H 1
| #define HAVE_WCHAR_H 1
| #define HAVE_STDINT_H 1
| #define HAVE_MPROTECT 1
| #define HAVE_SIGACTION 1
| #define HAVE_SIGALTSTACK 1
| #define HAVE_SIGINTERRUPT 1
| #define HAVE_MAP_ANONYMOUS 1
| #define HAVE_DECL_MEMMEM 1
| #define HAVE_MEMMEM 1
| #define restrict __restrict
| #define HAVE_WCHAR_T 1
| #define HAVE_UNSIGNED_LONG_LONG_INT 1
| #define HAVE_LONG_LONG_INT 1
| #define HAVE_RAW_DECL_MEMMEM 1
| #define HAVE_RAW_DECL_MEMPCPY 1
| #define HAVE_RAW_DECL_MEMRCHR 1
| #define HAVE_RAW_DECL_RAWMEMCHR 1
| #define HAVE_RAW_DECL_STPCPY 1
| #define HAVE_RAW_DECL_STPNCPY 1
| #define HAVE_RAW_DECL_STRCHRNUL 1
| #define HAVE_RAW_DECL_STRDUP 1
| #define HAVE_RAW_DECL_STRNCAT 1
| #define HAVE_RAW_DECL_STRNDUP 1
| #define HAVE_RAW_DECL_STRNLEN 1
| #define HAVE_RAW_DECL_STRPBRK 1
| #define HAVE_RAW_DECL_STRSEP 1
| #define HAVE_RAW_DECL_STRCASESTR 1
| #define HAVE_RAW_DECL_STRTOK_R 1
| #define HAVE_RAW_DECL_STRERROR_R 1
| #define HAVE_RAW_DECL_STRSIGNAL 1
| #define HAVE_RAW_DECL_STRVERSCMP 1
| #define GNULIB_TEST_MEMCHR 1
| #define HAVE_MEMMEM 1
| #define GNULIB_TEST_MEMMEM 1
| #define HAVE_STRUCT_SIGACTION_SA_SIGACTION 1
| #define GNULIB_TEST_SIGACTION 1
| #define HAVE_RAW_DECL_SIGACTION 1
| #define HAVE_RAW_DECL_SIGADDSET 1
| #define HAVE_RAW_DECL_SIGDELSET 1
| #define HAVE_RAW_DECL_SIGEMPTYSET 1
| #define HAVE_RAW_DECL_SIGFILLSET 1
| #define HAVE_RAW_DECL_SIGISMEMBER 1
| #define HAVE_RAW_DECL_SIGPENDING 1
| #define HAVE_RAW_DECL_SIGPROCMASK 1
| #define GNULIB_TEST_SIGPROCMASK 1
| #define STDC_HEADERS 1
| #define HAVE_SYSLOG_H 1
| /* end confdefs.h.  */
| #include <stdio.h>
| #ifdef HAVE_SYS_TYPES_H
| # include <sys/types.h>
| #endif
| #ifdef HAVE_SYS_STAT_H
| # include <sys/stat.h>
| #endif
| #ifdef STDC_HEADERS
| # include <stdlib.h>
| # include <stddef.h>
| #else
| # ifdef HAVE_STDLIB_H
| #  include <stdlib.h>
| # endif
| #endif
| #ifdef HAVE_STRING_H
| # if !defined STDC_HEADERS && defined HAVE_MEMORY_H
| #  include <memory.h>
| # endif
| # include <string.h>
| #endif
| #ifdef HAVE_STRINGS_H
| # include <strings.h>
| #endif
| #ifdef HAVE_INTTYPES_H
| # include <inttypes.h>
| #endif
| #ifdef HAVE_STDINT_H
| # include <stdint.h>
| #endif
| #ifdef HAVE_UNISTD_H
| # include <unistd.h>
| #endif
| int
| main ()
| {
| if (sizeof ((size_t)))
| 	    return 0;
|   ;
|   return 0;
| }
configure:8704: result: yes
configure:8717: checking for working alloca.h
configure:8734: gcc -o conftest -g -O2 -std=gnu11   conftest.c  >&5
configure:8734: $? = 0
configure:8742: result: yes
configure:8750: checking for alloca
configure:8787: gcc -o conftest -g -O2 -std=gnu11   conftest.c  >&5
configure:8787: $? = 0
configure:8795: result: yes
configure:9011: checking for pthread_create in -lpthread
configure:9036: gcc -o conftest -g -O2 -std=gnu11   conftest.c -lpthread   >&5
configure:9036: $? = 0
configure:9045: result: yes
configure:9868: checking for library containing setupterm
configure:9899: gcc -o conftest -g -O2 -std=gnu11   conftest.c -lpthread  >&5
/tmp/ccvmZGhT.o: In function `main':
/home/wareck/cgminer-ants3/conftest.c:92: undefined reference to `setupterm'
collect2: error: ld returned 1 exit status
configure:9899: $? = 1
configure: failed program was:
| /* confdefs.h */
| #define PACKAGE_NAME "cgminer"
| #define PACKAGE_TARNAME "cgminer"
| #define PACKAGE_VERSION "4.12.0-wrk"
| #define PACKAGE_STRING "cgminer 4.12.0-wrk"
| #define PACKAGE_BUGREPORT "kernel@kolivas.org"
| #define PACKAGE_URL ""
| #define PACKAGE "cgminer"
| #define VERSION "4.12.0-wrk"
| #define STDC_HEADERS 1
| #define HAVE_SYS_TYPES_H 1
| #define HAVE_SYS_STAT_H 1
| #define HAVE_STDLIB_H 1
| #define HAVE_STRING_H 1
| #define HAVE_MEMORY_H 1
| #define HAVE_STRINGS_H 1
| #define HAVE_INTTYPES_H 1
| #define HAVE_STDINT_H 1
| #define HAVE_UNISTD_H 1
| #define __EXTENSIONS__ 1
| #define _ALL_SOURCE 1
| #define _GNU_SOURCE 1
| #define _POSIX_PTHREAD_SEMANTICS 1
| #define _TANDEM_SOURCE 1
| #define CGMINER_MAJOR_VERSION 4
| #define CGMINER_MINOR_VERSION 12
| #define CGMINER_MINOR_SUBVERSION 0-wrk
| #define HAVE_SYS_MMAN_H 1
| #define HAVE_WCHAR_H 1
| #define HAVE_STDINT_H 1
| #define HAVE_MPROTECT 1
| #define HAVE_SIGACTION 1
| #define HAVE_SIGALTSTACK 1
| #define HAVE_SIGINTERRUPT 1
| #define HAVE_MAP_ANONYMOUS 1
| #define HAVE_DECL_MEMMEM 1
| #define HAVE_MEMMEM 1
| #define restrict __restrict
| #define HAVE_WCHAR_T 1
| #define HAVE_UNSIGNED_LONG_LONG_INT 1
| #define HAVE_LONG_LONG_INT 1
| #define HAVE_RAW_DECL_MEMMEM 1
| #define HAVE_RAW_DECL_MEMPCPY 1
| #define HAVE_RAW_DECL_MEMRCHR 1
| #define HAVE_RAW_DECL_RAWMEMCHR 1
| #define HAVE_RAW_DECL_STPCPY 1
| #define HAVE_RAW_DECL_STPNCPY 1
| #define HAVE_RAW_DECL_STRCHRNUL 1
| #define HAVE_RAW_DECL_STRDUP 1
| #define HAVE_RAW_DECL_STRNCAT 1
| #define HAVE_RAW_DECL_STRNDUP 1
| #define HAVE_RAW_DECL_STRNLEN 1
| #define HAVE_RAW_DECL_STRPBRK 1
| #define HAVE_RAW_DECL_STRSEP 1
| #define HAVE_RAW_DECL_STRCASESTR 1
| #define HAVE_RAW_DECL_STRTOK_R 1
| #define HAVE_RAW_DECL_STRERROR_R 1
| #define HAVE_RAW_DECL_STRSIGNAL 1
| #define HAVE_RAW_DECL_STRVERSCMP 1
| #define GNULIB_TEST_MEMCHR 1
| #define HAVE_MEMMEM 1
| #define GNULIB_TEST_MEMMEM 1
| #define HAVE_STRUCT_SIGACTION_SA_SIGACTION 1
| #define GNULIB_TEST_SIGACTION 1
| #define HAVE_RAW_DECL_SIGACTION 1
| #define HAVE_RAW_DECL_SIGADDSET 1
| #define HAVE_RAW_DECL_SIGDELSET 1
| #define HAVE_RAW_DECL_SIGEMPTYSET 1
| #define HAVE_RAW_DECL_SIGFILLSET 1
| #define HAVE_RAW_DECL_SIGISMEMBER 1
| #define HAVE_RAW_DECL_SIGPENDING 1
| #define HAVE_RAW_DECL_SIGPROCMASK 1
| #define GNULIB_TEST_SIGPROCMASK 1
| #define STDC_HEADERS 1
| #define HAVE_SYSLOG_H 1
| #define HAVE_ALLOCA_H 1
| #define HAVE_ALLOCA 1
| #define HAVE_LIBPTHREAD 1
| #define USE_ANT_S3 1
| /* end confdefs.h.  */
| 
| /* Override any GCC internal prototype to avoid an error.
|    Use char because int might match the return type of a GCC
|    builtin and then its argument prototype would still apply.  */
| #ifdef __cplusplus
| extern "C"
| #endif
| char setupterm ();
| int
| main ()
| {
| return setupterm ();
|   ;
|   return 0;
| }
configure:9899: gcc -o conftest -g -O2 -std=gnu11   conftest.c -lpdcurses  -lpthread  >&5
/usr/bin/ld: cannot find -lpdcurses
collect2: error: ld returned 1 exit status
configure:9899: $? = 1
configure: failed program was:
| /* confdefs.h */
| #define PACKAGE_NAME "cgminer"
| #define PACKAGE_TARNAME "cgminer"
| #define PACKAGE_VERSION "4.12.0-wrk"
| #define PACKAGE_STRING "cgminer 4.12.0-wrk"
| #define PACKAGE_BUGREPORT "kernel@kolivas.org"
| #define PACKAGE_URL ""
| #define PACKAGE "cgminer"
| #define VERSION "4.12.0-wrk"
| #define STDC_HEADERS 1
| #define HAVE_SYS_TYPES_H 1
| #define HAVE_SYS_STAT_H 1
| #define HAVE_STDLIB_H 1
| #define HAVE_STRING_H 1
| #define HAVE_MEMORY_H 1
| #define HAVE_STRINGS_H 1
| #define HAVE_INTTYPES_H 1
| #define HAVE_STDINT_H 1
| #define HAVE_UNISTD_H 1
| #define __EXTENSIONS__ 1
| #define _ALL_SOURCE 1
| #define _GNU_SOURCE 1
| #define _POSIX_PTHREAD_SEMANTICS 1
| #define _TANDEM_SOURCE 1
| #define CGMINER_MAJOR_VERSION 4
| #define CGMINER_MINOR_VERSION 12
| #define CGMINER_MINOR_SUBVERSION 0-wrk
| #define HAVE_SYS_MMAN_H 1
| #define HAVE_WCHAR_H 1
| #define HAVE_STDINT_H 1
| #define HAVE_MPROTECT 1
| #define HAVE_SIGACTION 1
| #define HAVE_SIGALTSTACK 1
| #define HAVE_SIGINTERRUPT 1
| #define HAVE_MAP_ANONYMOUS 1
| #define HAVE_DECL_MEMMEM 1
| #define HAVE_MEMMEM 1
| #define restrict __restrict
| #define HAVE_WCHAR_T 1
| #define HAVE_UNSIGNED_LONG_LONG_INT 1
| #define HAVE_LONG_LONG_INT 1
| #define HAVE_RAW_DECL_MEMMEM 1
| #define HAVE_RAW_DECL_MEMPCPY 1
| #define HAVE_RAW_DECL_MEMRCHR 1
| #define HAVE_RAW_DECL_RAWMEMCHR 1
| #define HAVE_RAW_DECL_STPCPY 1
| #define HAVE_RAW_DECL_STPNCPY 1
| #define HAVE_RAW_DECL_STRCHRNUL 1
| #define HAVE_RAW_DECL_STRDUP 1
| #define HAVE_RAW_DECL_STRNCAT 1
| #define HAVE_RAW_DECL_STRNDUP 1
| #define HAVE_RAW_DECL_STRNLEN 1
| #define HAVE_RAW_DECL_STRPBRK 1
| #define HAVE_RAW_DECL_STRSEP 1
| #define HAVE_RAW_DECL_STRCASESTR 1
| #define HAVE_RAW_DECL_STRTOK_R 1
| #define HAVE_RAW_DECL_STRERROR_R 1
| #define HAVE_RAW_DECL_STRSIGNAL 1
| #define HAVE_RAW_DECL_STRVERSCMP 1
| #define GNULIB_TEST_MEMCHR 1
| #define HAVE_MEMMEM 1
| #define GNULIB_TEST_MEMMEM 1
| #define HAVE_STRUCT_SIGACTION_SA_SIGACTION 1
| #define GNULIB_TEST_SIGACTION 1
| #define HAVE_RAW_DECL_SIGACTION 1
| #define HAVE_RAW_DECL_SIGADDSET 1
| #define HAVE_RAW_DECL_SIGDELSET 1
| #define HAVE_RAW_DECL_SIGEMPTYSET 1
| #define HAVE_RAW_DECL_SIGFILLSET 1
| #define HAVE_RAW_DECL_SIGISMEMBER 1
| #define HAVE_RAW_DECL_SIGPENDING 1
| #define HAVE_RAW_DECL_SIGPROCMASK 1
| #define GNULIB_TEST_SIGPROCMASK 1
| #define STDC_HEADERS 1
| #define HAVE_SYSLOG_H 1
| #define HAVE_ALLOCA_H 1
| #define HAVE_ALLOCA 1
| #define HAVE_LIBPTHREAD 1
| #define USE_ANT_S3 1
| /* end confdefs.h.  */
| 
| /* Override any GCC internal prototype to avoid an error.
|    Use char because int might match the return type of a GCC
|    builtin and then its argument prototype would still apply.  */
| #ifdef __cplusplus
| extern "C"
| #endif
| char setupterm ();
| int
| main ()
| {
| return setupterm ();
|   ;
|   return 0;
| }
configure:9899: gcc -o conftest -g -O2 -std=gnu11   conftest.c -lncurses  -lpthread  >&5
configure:9899: $? = 0
configure:9916: result: -lncurses
configure:10401: checking uthash.h usability
configure:10401: gcc -c -g -O2 -std=gnu11  conftest.c >&5
conftest.c:116:20: fatal error: uthash.h: No such file or directory
compilation terminated.
configure:10401: $? = 1
configure: failed program was:
| /* confdefs.h */
| #define PACKAGE_NAME "cgminer"
| #define PACKAGE_TARNAME "cgminer"
| #define PACKAGE_VERSION "4.12.0-wrk"
| #define PACKAGE_STRING "cgminer 4.12.0-wrk"
| #define PACKAGE_BUGREPORT "kernel@kolivas.org"
| #define PACKAGE_URL ""
| #define PACKAGE "cgminer"
| #define VERSION "4.12.0-wrk"
| #define STDC_HEADERS 1
| #define HAVE_SYS_TYPES_H 1
| #define HAVE_SYS_STAT_H 1
| #define HAVE_STDLIB_H 1
| #define HAVE_STRING_H 1
| #define HAVE_MEMORY_H 1
| #define HAVE_STRINGS_H 1
| #define HAVE_INTTYPES_H 1
| #define HAVE_STDINT_H 1
| #define HAVE_UNISTD_H 1
| #define __EXTENSIONS__ 1
| #define _ALL_SOURCE 1
| #define _GNU_SOURCE 1
| #define _POSIX_PTHREAD_SEMANTICS 1
| #define _TANDEM_SOURCE 1
| #define CGMINER_MAJOR_VERSION 4
| #define CGMINER_MINOR_VERSION 12
| #define CGMINER_MINOR_SUBVERSION 0-wrk
| #define HAVE_SYS_MMAN_H 1
| #define HAVE_WCHAR_H 1
| #define HAVE_STDINT_H 1
| #define HAVE_MPROTECT 1
| #define HAVE_SIGACTION 1
| #define HAVE_SIGALTSTACK 1
| #define HAVE_SIGINTERRUPT 1
| #define HAVE_MAP_ANONYMOUS 1
| #define HAVE_DECL_MEMMEM 1
| #define HAVE_MEMMEM 1
| #define restrict __restrict
| #define HAVE_WCHAR_T 1
| #define HAVE_UNSIGNED_LONG_LONG_INT 1
| #define HAVE_LONG_LONG_INT 1
| #define HAVE_RAW_DECL_MEMMEM 1
| #define HAVE_RAW_DECL_MEMPCPY 1
| #define HAVE_RAW_DECL_MEMRCHR 1
| #define HAVE_RAW_DECL_RAWMEMCHR 1
| #define HAVE_RAW_DECL_STPCPY 1
| #define HAVE_RAW_DECL_STPNCPY 1
| #define HAVE_RAW_DECL_STRCHRNUL 1
| #define HAVE_RAW_DECL_STRDUP 1
| #define HAVE_RAW_DECL_STRNCAT 1
| #define HAVE_RAW_DECL_STRNDUP 1
| #define HAVE_RAW_DECL_STRNLEN 1
| #define HAVE_RAW_DECL_STRPBRK 1
| #define HAVE_RAW_DECL_STRSEP 1
| #define HAVE_RAW_DECL_STRCASESTR 1
| #define HAVE_RAW_DECL_STRTOK_R 1
| #define HAVE_RAW_DECL_STRERROR_R 1
| #define HAVE_RAW_DECL_STRSIGNAL 1
| #define HAVE_RAW_DECL_STRVERSCMP 1
| #define GNULIB_TEST_MEMCHR 1
| #define HAVE_MEMMEM 1
| #define GNULIB_TEST_MEMMEM 1
| #define HAVE_STRUCT_SIGACTION_SA_SIGACTION 1
| #define GNULIB_TEST_SIGACTION 1
| #define HAVE_RAW_DECL_SIGACTION 1
| #define HAVE_RAW_DECL_SIGADDSET 1
| #define HAVE_RAW_DECL_SIGDELSET 1
| #define HAVE_RAW_DECL_SIGEMPTYSET 1
| #define HAVE_RAW_DECL_SIGFILLSET 1
| #define HAVE_RAW_DECL_SIGISMEMBER 1
| #define HAVE_RAW_DECL_SIGPENDING 1
| #define HAVE_RAW_DECL_SIGPROCMASK 1
| #define GNULIB_TEST_SIGPROCMASK 1
| #define STDC_HEADERS 1
| #define HAVE_SYSLOG_H 1
| #define HAVE_ALLOCA_H 1
| #define HAVE_ALLOCA 1
| #define HAVE_LIBPTHREAD 1
| #define USE_ANT_S3 1
| #define HAVE_CURSES 1
| #define USE_USBUTILS 1
| /* end confdefs.h.  */
| #include <stdio.h>
| #ifdef HAVE_SYS_TYPES_H
| # include <sys/types.h>
| #endif
| #ifdef HAVE_SYS_STAT_H
| # include <sys/stat.h>
| #endif
| #ifdef STDC_HEADERS
| # include <stdlib.h>
| # include <stddef.h>
| #else
| # ifdef HAVE_STDLIB_H
| #  include <stdlib.h>
| # endif
| #endif
| #ifdef HAVE_STRING_H
| # if !defined STDC_HEADERS && defined HAVE_MEMORY_H
| #  include <memory.h>
| # endif
| # include <string.h>
| #endif
| #ifdef HAVE_STRINGS_H
| # include <strings.h>
| #endif
| #ifdef HAVE_INTTYPES_H
| # include <inttypes.h>
| #endif
| #ifdef HAVE_STDINT_H
| # include <stdint.h>
| #endif
| #ifdef HAVE_UNISTD_H
| # include <unistd.h>
| #endif
| #include <uthash.h>
configure:10401: result: no
configure:10401: checking uthash.h presence
configure:10401: gcc -E  conftest.c
conftest.c:83:20: fatal error: uthash.h: No such file or directory
compilation terminated.
configure:10401: $? = 1
configure: failed program was:
| /* confdefs.h */
| #define PACKAGE_NAME "cgminer"
| #define PACKAGE_TARNAME "cgminer"
| #define PACKAGE_VERSION "4.12.0-wrk"
| #define PACKAGE_STRING "cgminer 4.12.0-wrk"
| #define PACKAGE_BUGREPORT "kernel@kolivas.org"
| #define PACKAGE_URL ""
| #define PACKAGE "cgminer"
| #define VERSION "4.12.0-wrk"
| #define STDC_HEADERS 1
| #define HAVE_SYS_TYPES_H 1
| #define HAVE_SYS_STAT_H 1
| #define HAVE_STDLIB_H 1
| #define HAVE_STRING_H 1
| #define HAVE_MEMORY_H 1
| #define HAVE_STRINGS_H 1
| #define HAVE_INTTYPES_H 1
| #define HAVE_STDINT_H 1
| #define HAVE_UNISTD_H 1
| #define __EXTENSIONS__ 1
| #define _ALL_SOURCE 1
| #define _GNU_SOURCE 1
| #define _POSIX_PTHREAD_SEMANTICS 1
| #define _TANDEM_SOURCE 1
| #define CGMINER_MAJOR_VERSION 4
| #define CGMINER_MINOR_VERSION 12
| #define CGMINER_MINOR_SUBVERSION 0-wrk
| #define HAVE_SYS_MMAN_H 1
| #define HAVE_WCHAR_H 1
| #define HAVE_STDINT_H 1
| #define HAVE_MPROTECT 1
| #define HAVE_SIGACTION 1
| #define HAVE_SIGALTSTACK 1
| #define HAVE_SIGINTERRUPT 1
| #define HAVE_MAP_ANONYMOUS 1
| #define HAVE_DECL_MEMMEM 1
| #define HAVE_MEMMEM 1
| #define restrict __restrict
| #define HAVE_WCHAR_T 1
| #define HAVE_UNSIGNED_LONG_LONG_INT 1
| #define HAVE_LONG_LONG_INT 1
| #define HAVE_RAW_DECL_MEMMEM 1
| #define HAVE_RAW_DECL_MEMPCPY 1
| #define HAVE_RAW_DECL_MEMRCHR 1
| #define HAVE_RAW_DECL_RAWMEMCHR 1
| #define HAVE_RAW_DECL_STPCPY 1
| #define HAVE_RAW_DECL_STPNCPY 1
| #define HAVE_RAW_DECL_STRCHRNUL 1
| #define HAVE_RAW_DECL_STRDUP 1
| #define HAVE_RAW_DECL_STRNCAT 1
| #define HAVE_RAW_DECL_STRNDUP 1
| #define HAVE_RAW_DECL_STRNLEN 1
| #define HAVE_RAW_DECL_STRPBRK 1
| #define HAVE_RAW_DECL_STRSEP 1
| #define HAVE_RAW_DECL_STRCASESTR 1
| #define HAVE_RAW_DECL_STRTOK_R 1
| #define HAVE_RAW_DECL_STRERROR_R 1
| #define HAVE_RAW_DECL_STRSIGNAL 1
| #define HAVE_RAW_DECL_STRVERSCMP 1
| #define GNULIB_TEST_MEMCHR 1
| #define HAVE_MEMMEM 1
| #define GNULIB_TEST_MEMMEM 1
| #define HAVE_STRUCT_SIGACTION_SA_SIGACTION 1
| #define GNULIB_TEST_SIGACTION 1
| #define HAVE_RAW_DECL_SIGACTION 1
| #define HAVE_RAW_DECL_SIGADDSET 1
| #define HAVE_RAW_DECL_SIGDELSET 1
| #define HAVE_RAW_DECL_SIGEMPTYSET 1
| #define HAVE_RAW_DECL_SIGFILLSET 1
| #define HAVE_RAW_DECL_SIGISMEMBER 1
| #define HAVE_RAW_DECL_SIGPENDING 1
| #define HAVE_RAW_DECL_SIGPROCMASK 1
| #define GNULIB_TEST_SIGPROCMASK 1
| #define STDC_HEADERS 1
| #define HAVE_SYSLOG_H 1
| #define HAVE_ALLOCA_H 1
| #define HAVE_ALLOCA 1
| #define HAVE_LIBPTHREAD 1
| #define USE_ANT_S3 1
| #define HAVE_CURSES 1
| #define USE_USBUTILS 1
| /* end confdefs.h.  */
| #include <uthash.h>
configure:10401: result: no
configure:10401: checking for uthash.h
configure:10401: result: no
configure:10466: checking for pkg-config
configure:10484: found /usr/bin/pkg-config
configure:10496: result: /usr/bin/pkg-config
configure:10521: checking pkg-config is at least version 0.9.0
configure:10524: result: yes
configure:10558: checking for LIBCURL
configure:10565: $PKG_CONFIG --exists --print-errors "libcurl >= 7.25.0"
configure:10568: $? = 0
configure:10582: $PKG_CONFIG --exists --print-errors "libcurl >= 7.25.0"
configure:10585: $? = 0
configure:10763: result: yes
configure:10961: gcc -c -g -O2 -std=gnu11  conftest.c >&5
conftest.c:86:26: fatal error: process.h: No such file or directory
compilation terminated.
configure:10961: $? = 1
configure: failed program was:
| /* confdefs.h */
| #define PACKAGE_NAME "cgminer"
| #define PACKAGE_TARNAME "cgminer"
| #define PACKAGE_VERSION "4.12.0-wrk"
| #define PACKAGE_STRING "cgminer 4.12.0-wrk"
| #define PACKAGE_BUGREPORT "kernel@kolivas.org"
| #define PACKAGE_URL ""
| #define PACKAGE "cgminer"
| #define VERSION "4.12.0-wrk"
| #define STDC_HEADERS 1
| #define HAVE_SYS_TYPES_H 1
| #define HAVE_SYS_STAT_H 1
| #define HAVE_STDLIB_H 1
| #define HAVE_STRING_H 1
| #define HAVE_MEMORY_H 1
| #define HAVE_STRINGS_H 1
| #define HAVE_INTTYPES_H 1
| #define HAVE_STDINT_H 1
| #define HAVE_UNISTD_H 1
| #define __EXTENSIONS__ 1
| #define _ALL_SOURCE 1
| #define _GNU_SOURCE 1
| #define _POSIX_PTHREAD_SEMANTICS 1
| #define _TANDEM_SOURCE 1
| #define CGMINER_MAJOR_VERSION 4
| #define CGMINER_MINOR_VERSION 12
| #define CGMINER_MINOR_SUBVERSION 0-wrk
| #define HAVE_SYS_MMAN_H 1
| #define HAVE_WCHAR_H 1
| #define HAVE_STDINT_H 1
| #define HAVE_MPROTECT 1
| #define HAVE_SIGACTION 1
| #define HAVE_SIGALTSTACK 1
| #define HAVE_SIGINTERRUPT 1
| #define HAVE_MAP_ANONYMOUS 1
| #define HAVE_DECL_MEMMEM 1
| #define HAVE_MEMMEM 1
| #define restrict __restrict
| #define HAVE_WCHAR_T 1
| #define HAVE_UNSIGNED_LONG_LONG_INT 1
| #define HAVE_LONG_LONG_INT 1
| #define HAVE_RAW_DECL_MEMMEM 1
| #define HAVE_RAW_DECL_MEMPCPY 1
| #define HAVE_RAW_DECL_MEMRCHR 1
| #define HAVE_RAW_DECL_RAWMEMCHR 1
| #define HAVE_RAW_DECL_STPCPY 1
| #define HAVE_RAW_DECL_STPNCPY 1
| #define HAVE_RAW_DECL_STRCHRNUL 1
| #define HAVE_RAW_DECL_STRDUP 1
| #define HAVE_RAW_DECL_STRNCAT 1
| #define HAVE_RAW_DECL_STRNDUP 1
| #define HAVE_RAW_DECL_STRNLEN 1
| #define HAVE_RAW_DECL_STRPBRK 1
| #define HAVE_RAW_DECL_STRSEP 1
| #define HAVE_RAW_DECL_STRCASESTR 1
| #define HAVE_RAW_DECL_STRTOK_R 1
| #define HAVE_RAW_DECL_STRERROR_R 1
| #define HAVE_RAW_DECL_STRSIGNAL 1
| #define HAVE_RAW_DECL_STRVERSCMP 1
| #define GNULIB_TEST_MEMCHR 1
| #define HAVE_MEMMEM 1
| #define GNULIB_TEST_MEMMEM 1
| #define HAVE_STRUCT_SIGACTION_SA_SIGACTION 1
| #define GNULIB_TEST_SIGACTION 1
| #define HAVE_RAW_DECL_SIGACTION 1
| #define HAVE_RAW_DECL_SIGADDSET 1
| #define HAVE_RAW_DECL_SIGDELSET 1
| #define HAVE_RAW_DECL_SIGEMPTYSET 1
| #define HAVE_RAW_DECL_SIGFILLSET 1
| #define HAVE_RAW_DECL_SIGISMEMBER 1
| #define HAVE_RAW_DECL_SIGPENDING 1
| #define HAVE_RAW_DECL_SIGPROCMASK 1
| #define GNULIB_TEST_SIGPROCMASK 1
| #define STDC_HEADERS 1
| #define HAVE_SYSLOG_H 1
| #define HAVE_ALLOCA_H 1
| #define HAVE_ALLOCA 1
| #define HAVE_LIBPTHREAD 1
| #define USE_ANT_S3 1
| #define HAVE_CURSES 1
| #define USE_USBUTILS 1
| #define CURL_HAS_KEEPALIVE 1
| #define HAVE_LIBCURL 1
| /* end confdefs.h.  */
| 
| 		   #include <process.h>
| 		   int execv(const char*, const char*const*);
| 
configure:10979: gcc -c -g -O2 -std=gnu11  conftest.c >&5
configure:10979: $? = 0
configure:10989: gcc -c -g -O2 -std=gnu11  conftest.c >&5
configure:10989: $? = 0
configure:10999: gcc -c -g -O2 -std=gnu11  conftest.c >&5
conftest.c: In function 'cleanup':
conftest.c:88:55: warning: implicit declaration of function 'exit' [-Wimplicit-function-declaration]
 static void __attribute__((noreturn)) cleanup(void) { exit(1); }
                                                       ^
conftest.c:88:55: warning: incompatible implicit declaration of built-in function 'exit'
conftest.c:88:55: note: include '<stdlib.h>' or provide a declaration of 'exit'
configure:10999: $? = 0
configure:11009: gcc -c -g -O2 -std=gnu11  conftest.c >&5
configure:11009: $? = 0
configure:11019: gcc -c -g -O2 -std=gnu11  conftest.c >&5
configure:11019: $? = 0
configure:11029: gcc -c -g -O2 -std=gnu11  conftest.c >&5
configure:11029: $? = 0
configure:11039: gcc -o conftest -g -O2 -std=gnu11   conftest.c -lncurses -lpthread  >&5
configure:11039: $? = 0
configure:11050: gcc -o conftest -g -O2 -std=gnu11   conftest.c -lncurses -lpthread  >&5
configure:11050: $? = 0
configure:11061: gcc -c -g -O2 -std=gnu11  conftest.c >&5
configure:11061: $? = 0
configure:11201: checking that generated files are newer than configure
configure:11207: result: done
configure:11450: creating ./config.status

## ---------------------- ##
## Running config.status. ##
## ---------------------- ##

This file was extended by cgminer config.status 4.12.0-wrk, which was
generated by GNU Autoconf 2.69.  Invocation command line was

  CONFIG_FILES    = 
  CONFIG_HEADERS  = 
  CONFIG_LINKS    = 
  CONFIG_COMMANDS = 
  $ ./config.status 

on OpenWrt

config.status:1187: creating Makefile
config.status:1187: creating compat/Makefile
config.status:1187: creating ccan/Makefile
config.status:1187: creating lib/Makefile
config.status:1187: creating config.h
config.status:1416: executing depfiles commands
configure:12835: === configuring in compat/libusb-1.0 (/home/wareck/cgminer-ants3/compat/libusb-1.0)
configure:12898: running /bin/bash ./configure --disable-option-checking '--prefix=/usr/local'  '--enable-ants3' --cache-file=/dev/null --srcdir=.
configure:12835: === configuring in compat/jansson-2.9 (/home/wareck/cgminer-ants3/compat/jansson-2.9)
configure:12898: running /bin/bash ./configure --disable-option-checking '--prefix=/usr/local'  '--enable-ants3' --cache-file=/dev/null --srcdir=.

## ---------------- ##
## Cache variables. ##
## ---------------- ##

ac_cv_build=x86_64-pc-linux-gnu
ac_cv_c_compiler_gnu=yes
ac_cv_c_inline=inline
ac_cv_c_restrict=__restrict
ac_cv_env_CC_set=
ac_cv_env_CC_value=
ac_cv_env_CFLAGS_set=
ac_cv_env_CFLAGS_value=
ac_cv_env_CPPFLAGS_set=
ac_cv_env_CPPFLAGS_value=
ac_cv_env_CPP_set=
ac_cv_env_CPP_value=
ac_cv_env_JANSSON_CFLAGS_set=
ac_cv_env_JANSSON_CFLAGS_value=
ac_cv_env_JANSSON_LIBS_set=
ac_cv_env_JANSSON_LIBS_value=
ac_cv_env_LDFLAGS_set=
ac_cv_env_LDFLAGS_value=
ac_cv_env_LIBCURL_CFLAGS_set=
ac_cv_env_LIBCURL_CFLAGS_value=
ac_cv_env_LIBCURL_LIBS_set=
ac_cv_env_LIBCURL_LIBS_value=
ac_cv_env_LIBSYSTEMD_CFLAGS_set=
ac_cv_env_LIBSYSTEMD_CFLAGS_value=
ac_cv_env_LIBSYSTEMD_LIBS_set=
ac_cv_env_LIBSYSTEMD_LIBS_value=
ac_cv_env_LIBS_set=
ac_cv_env_LIBS_value=
ac_cv_env_LIBUSB_CFLAGS_set=
ac_cv_env_LIBUSB_CFLAGS_value=
ac_cv_env_LIBUSB_LIBS_set=
ac_cv_env_LIBUSB_LIBS_value=
ac_cv_env_PKG_CONFIG_LIBDIR_set=
ac_cv_env_PKG_CONFIG_LIBDIR_value=
ac_cv_env_PKG_CONFIG_PATH_set=
ac_cv_env_PKG_CONFIG_PATH_value=
ac_cv_env_PKG_CONFIG_set=
ac_cv_env_PKG_CONFIG_value=
ac_cv_env_build_alias_set=
ac_cv_env_build_alias_value=
ac_cv_env_host_alias_set=
ac_cv_env_host_alias_value=
ac_cv_env_target_alias_set=
ac_cv_env_target_alias_value=
ac_cv_func_alloca_works=yes
ac_cv_func_memmem=yes
ac_cv_func_mmap=yes
ac_cv_func_mprotect=yes
ac_cv_func_sigaction=yes
ac_cv_func_sigaltstack=yes
ac_cv_func_siginterrupt=yes
ac_cv_func_sigprocmask=yes
ac_cv_have_decl_memmem=yes
ac_cv_have_decl_mempcpy=yes
ac_cv_have_decl_memrchr=yes
ac_cv_have_decl_rawmemchr=yes
ac_cv_have_decl_sigaction=yes
ac_cv_have_decl_sigaddset=yes
ac_cv_have_decl_sigdelset=yes
ac_cv_have_decl_sigemptyset=yes
ac_cv_have_decl_sigfillset=yes
ac_cv_have_decl_sigismember=yes
ac_cv_have_decl_sigpending=yes
ac_cv_have_decl_sigprocmask=yes
ac_cv_have_decl_stpcpy=yes
ac_cv_have_decl_stpncpy=yes
ac_cv_have_decl_strcasestr=yes
ac_cv_have_decl_strchrnul=yes
ac_cv_have_decl_strdup=yes
ac_cv_have_decl_strerror_r=yes
ac_cv_have_decl_strncat=yes
ac_cv_have_decl_strndup=yes
ac_cv_have_decl_strnlen=yes
ac_cv_have_decl_strpbrk=yes
ac_cv_have_decl_strsep=yes
ac_cv_have_decl_strsignal=yes
ac_cv_have_decl_strtok_r=yes
ac_cv_have_decl_strverscmp=yes
ac_cv_header_inttypes_h=yes
ac_cv_header_memory_h=yes
ac_cv_header_minix_config_h=no
ac_cv_header_stdc=yes
ac_cv_header_stdint_h=yes
ac_cv_header_stdlib_h=yes
ac_cv_header_string_h=yes
ac_cv_header_strings_h=yes
ac_cv_header_sys_mman_h=yes
ac_cv_header_sys_stat_h=yes
ac_cv_header_sys_types_h=yes
ac_cv_header_syslog_h=yes
ac_cv_header_unistd_h=yes
ac_cv_header_uthash_h=no
ac_cv_header_wchar_h=yes
ac_cv_host=x86_64-pc-linux-gnu
ac_cv_lib_pthread_pthread_create=yes
ac_cv_member_struct_sigaction_sa_sigaction=yes
ac_cv_objext=o
ac_cv_path_EGREP='/bin/grep -E'
ac_cv_path_GREP=/bin/grep
ac_cv_path_ac_pt_PKG_CONFIG=/usr/bin/pkg-config
ac_cv_path_install='/usr/bin/install -c'
ac_cv_path_mkdir=/bin/mkdir
ac_cv_prog_AWK=gawk
ac_cv_prog_CPP='gcc -E'
ac_cv_prog_ac_ct_CC=gcc
ac_cv_prog_ac_ct_RANLIB=ranlib
ac_cv_prog_cc_c89=
ac_cv_prog_cc_g=yes
ac_cv_prog_gcc_traditional=no
ac_cv_prog_make_make_set=yes
ac_cv_safe_to_define___extensions__=yes
ac_cv_search_setupterm=-lncurses
ac_cv_target=x86_64-pc-linux-gnu
ac_cv_type_long_long_int=yes
ac_cv_type_sighandler_t=yes
ac_cv_type_size_t=yes
ac_cv_type_uid_t=yes
ac_cv_type_unsigned_long_long_int=yes
ac_cv_type_volatile_sig_atomic_t=yes
ac_cv_working_alloca_h=yes
am_cv_CC_dependencies_compiler_type=gcc3
am_cv_make_support_nested_variables=yes
am_cv_prog_cc_c_o=yes
gl_cv_c_multiarch=no
gl_cv_decl_null_works=yes
gl_cv_func_memchr_works=yes
gl_cv_func_memmem_works_always=yes
gl_cv_func_memmem_works_fast=yes
gl_cv_func_sigprocmask=1
gl_cv_have_include_next=yes
gl_cv_have_raw_decl_memmem=yes
gl_cv_have_raw_decl_mempcpy=yes
gl_cv_have_raw_decl_memrchr=yes
gl_cv_have_raw_decl_rawmemchr=yes
gl_cv_have_raw_decl_sigaction=yes
gl_cv_have_raw_decl_sigaddset=yes
gl_cv_have_raw_decl_sigdelset=yes
gl_cv_have_raw_decl_sigemptyset=yes
gl_cv_have_raw_decl_sigfillset=yes
gl_cv_have_raw_decl_sigismember=yes
gl_cv_have_raw_decl_sigpending=yes
gl_cv_have_raw_decl_sigprocmask=yes
gl_cv_have_raw_decl_stpcpy=yes
gl_cv_have_raw_decl_stpncpy=yes
gl_cv_have_raw_decl_strcasestr=yes
gl_cv_have_raw_decl_strchrnul=yes
gl_cv_have_raw_decl_strdup=yes
gl_cv_have_raw_decl_strerror_r=yes
gl_cv_have_raw_decl_strncat=yes
gl_cv_have_raw_decl_strndup=yes
gl_cv_have_raw_decl_strnlen=yes
gl_cv_have_raw_decl_strpbrk=yes
gl_cv_have_raw_decl_strsep=yes
gl_cv_have_raw_decl_strsignal=yes
gl_cv_have_raw_decl_strtok_r=yes
gl_cv_have_raw_decl_strverscmp=yes
gl_cv_header_working_stdint_h=yes
gl_cv_next_signal_h='<signal.h>'
gl_cv_next_stdint_h='<stdint.h>'
gl_cv_next_string_h='<string.h>'
gl_cv_pragma_columns=no
gt_cv_c_wchar_t=yes
pkg_cv_LIBCURL_CFLAGS=
pkg_cv_LIBCURL_LIBS=-lcurl

## ----------------- ##
## Output variables. ##
## ----------------- ##

ACLOCAL='${SHELL} /home/wareck/cgminer-ants3/missing aclocal-1.15'
ALLOCA=''
AMDEPBACKSLASH='\'
AMDEP_FALSE='#'
AMDEP_TRUE=''
AMTAR='$${TAR-tar}'
AM_BACKSLASH='\'
AM_DEFAULT_V='$(AM_DEFAULT_VERBOSITY)'
AM_DEFAULT_VERBOSITY='0'
AM_V='$(V)'
APPLE_UNIVERSAL_BUILD='0'
AUTOCONF='${SHELL} /home/wareck/cgminer-ants3/missing autoconf'
AUTOHEADER='${SHELL} /home/wareck/cgminer-ants3/missing autoheader'
AUTOMAKE='${SHELL} /home/wareck/cgminer-ants3/missing automake-1.15'
AWK='gawk'
BITSIZEOF_PTRDIFF_T=''
BITSIZEOF_SIG_ATOMIC_T=''
BITSIZEOF_SIZE_T=''
BITSIZEOF_WCHAR_T=''
BITSIZEOF_WINT_T=''
CC='gcc'
CCDEPMODE='depmode=gcc3'
CFLAGS='-g -O2 -std=gnu11'
CPP='gcc -E'
CPPFLAGS=''
CYGPATH_W='echo'
DEFS='-DHAVE_CONFIG_H'
DEPDIR='.deps'
DLOPEN_FLAGS='-ldl'
ECHO_C=''
ECHO_N='-n'
ECHO_T=''
EGREP='/bin/grep -E'
EXEEXT=''
GL_COND_LIBTOOL_FALSE=''
GL_COND_LIBTOOL_TRUE='#'
GL_GENERATE_STDDEF_H_FALSE=''
GL_GENERATE_STDDEF_H_TRUE='#'
GL_GENERATE_STDINT_H_FALSE=''
GL_GENERATE_STDINT_H_TRUE='#'
GNULIB_MBSCASECMP='0'
GNULIB_MBSCASESTR='0'
GNULIB_MBSCHR='0'
GNULIB_MBSCSPN='0'
GNULIB_MBSLEN='0'
GNULIB_MBSNCASECMP='0'
GNULIB_MBSNLEN='0'
GNULIB_MBSPBRK='0'
GNULIB_MBSPCASECMP='0'
GNULIB_MBSRCHR='0'
GNULIB_MBSSEP='0'
GNULIB_MBSSPN='0'
GNULIB_MBSSTR='0'
GNULIB_MBSTOK_R='0'
GNULIB_MEMCHR='1'
GNULIB_MEMMEM='1'
GNULIB_MEMPCPY='0'
GNULIB_MEMRCHR='0'
GNULIB_RAWMEMCHR='0'
GNULIB_SIGACTION='1'
GNULIB_SIGNAL_H_SIGPIPE='0'
GNULIB_SIGPROCMASK='1'
GNULIB_STPCPY='0'
GNULIB_STPNCPY='0'
GNULIB_STRCASESTR='0'
GNULIB_STRCHRNUL='0'
GNULIB_STRDUP='0'
GNULIB_STRERROR='0'
GNULIB_STRERROR_R='0'
GNULIB_STRNCAT='0'
GNULIB_STRNDUP='0'
GNULIB_STRNLEN='0'
GNULIB_STRPBRK='0'
GNULIB_STRSEP='0'
GNULIB_STRSIGNAL='0'
GNULIB_STRSTR='0'
GNULIB_STRTOK_R='0'
GNULIB_STRVERSCMP='0'
GREP='/bin/grep'
HAS_ANT_S1_FALSE=''
HAS_ANT_S1_TRUE='#'
HAS_ANT_S2_FALSE=''
HAS_ANT_S2_TRUE='#'
HAS_ANT_S3_FALSE='#'
HAS_ANT_S3_TRUE=''
HAS_AVALON2_FALSE=''
HAS_AVALON2_TRUE='#'
HAS_AVALON4_FALSE=''
HAS_AVALON4_TRUE='#'
HAS_AVALON7_FALSE=''
HAS_AVALON7_TRUE='#'
HAS_AVALON8_FALSE=''
HAS_AVALON8_TRUE='#'
HAS_AVALON_FALSE=''
HAS_AVALON_MINER_FALSE=''
HAS_AVALON_MINER_TRUE='#'
HAS_AVALON_TRUE='#'
HAS_BAB_FALSE=''
HAS_BAB_TRUE='#'
HAS_BFLSC_FALSE=''
HAS_BFLSC_TRUE='#'
HAS_BITFORCE_FALSE=''
HAS_BITFORCE_TRUE='#'
HAS_BITFURY16_FALSE=''
HAS_BITFURY16_TRUE='#'
HAS_BITFURY_FALSE=''
HAS_BITFURY_TRUE='#'
HAS_BITMAIN_SOC_FALSE=''
HAS_BITMAIN_SOC_TRUE='#'
HAS_BITMINE_A1_FALSE=''
HAS_BITMINE_A1_TRUE='#'
HAS_BLOCKERUPTER_FALSE=''
HAS_BLOCKERUPTER_TRUE='#'
HAS_COINTERRA_FALSE=''
HAS_COINTERRA_TRUE='#'
HAS_DRAGONMINT_T1_FALSE=''
HAS_DRAGONMINT_T1_TRUE='#'
HAS_DRILLBIT_FALSE=''
HAS_DRILLBIT_TRUE='#'
HAS_GEKKO_FALSE=''
HAS_GEKKO_TRUE='#'
HAS_HASHFAST_FALSE=''
HAS_HASHFAST_TRUE='#'
HAS_HASHRATIO_FALSE=''
HAS_HASHRATIO_TRUE='#'
HAS_ICARUS_FALSE=''
HAS_ICARUS_TRUE='#'
HAS_KLONDIKE_FALSE=''
HAS_KLONDIKE_TRUE='#'
HAS_KNC_FALSE=''
HAS_KNC_TRUE='#'
HAS_MINION_FALSE=''
HAS_MINION_TRUE='#'
HAS_MODMINER_FALSE=''
HAS_MODMINER_TRUE='#'
HAS_SP10_FALSE=''
HAS_SP10_TRUE='#'
HAS_SP30_FALSE=''
HAS_SP30_TRUE='#'
HAVE_CURSES_FALSE='#'
HAVE_CURSES_TRUE=''
HAVE_DECL_MEMMEM='1'
HAVE_DECL_MEMRCHR='1'
HAVE_DECL_STRDUP='1'
HAVE_DECL_STRERROR_R='1'
HAVE_DECL_STRNDUP='1'
HAVE_DECL_STRNLEN='1'
HAVE_DECL_STRSIGNAL='1'
HAVE_DECL_STRTOK_R='1'
HAVE_INTTYPES_H='1'
HAVE_LONG_LONG_INT='1'
HAVE_MBSLEN='0'
HAVE_MEMCHR='1'
HAVE_MEMPCPY='1'
HAVE_POSIX_SIGNALBLOCKING='1'
HAVE_RAWMEMCHR='1'
HAVE_SIGACTION='1'
HAVE_SIGHANDLER_T='1'
HAVE_SIGINFO_T='1'
HAVE_SIGNED_SIG_ATOMIC_T=''
HAVE_SIGNED_WCHAR_T=''
HAVE_SIGNED_WINT_T=''
HAVE_SIGSET_T='1'
HAVE_STDINT_H='1'
HAVE_STPCPY='1'
HAVE_STPNCPY='1'
HAVE_STRCASESTR='1'
HAVE_STRCHRNUL='1'
HAVE_STRPBRK='1'
HAVE_STRSEP='1'
HAVE_STRUCT_SIGACTION_SA_SIGACTION='1'
HAVE_STRVERSCMP='1'
HAVE_SYS_BITYPES_H=''
HAVE_SYS_INTTYPES_H=''
HAVE_SYS_TYPES_H='1'
HAVE_TYPE_VOLATILE_SIG_ATOMIC_T='1'
HAVE_UNSIGNED_LONG_LONG_INT='1'
HAVE_WCHAR_H='1'
HAVE_WCHAR_T='1'
HAVE_WINDOWS_FALSE=''
HAVE_WINDOWS_TRUE='#'
HAVE_x86_64_FALSE='#'
HAVE_x86_64_TRUE=''
INCLUDE_NEXT='include_next'
INCLUDE_NEXT_AS_FIRST_DIRECTIVE='include_next'
INSTALL_DATA='${INSTALL} -m 644'
INSTALL_PROGRAM='${INSTALL}'
INSTALL_SCRIPT='${INSTALL}'
INSTALL_STRIP_PROGRAM='$(install_sh) -c -s'
JANSSON_CFLAGS=''
JANSSON_LIBS='compat/jansson-2.9/src/.libs/libjansson.a'
LDFLAGS=''
LIBCURL_CFLAGS=''
LIBCURL_LIBS='-lcurl'
LIBGNU_LIBDEPS=''
LIBGNU_LTLIBDEPS=''
LIBOBJS=''
LIBS='-lncurses -lpthread '
LIBSYSTEMD_CFLAGS=''
LIBSYSTEMD_LIBS=''
LIBUSB_CFLAGS=''
LIBUSB_LIBS='compat/libusb-1.0/libusb/.libs/libusb-1.0.a -ludev'
LIBZ_LIBS='-lz'
LTLIBOBJS=''
MAINT='#'
MAINTAINER_MODE_FALSE=''
MAINTAINER_MODE_TRUE='#'
MAKEINFO='${SHELL} /home/wareck/cgminer-ants3/missing makeinfo'
MATH_LIBS='-lm'
MKDIR_P='/bin/mkdir -p'
MM_LIBS=''
NCURSES_LIBS=''
NEED_FPGAUTILS_FALSE=''
NEED_FPGAUTILS_TRUE='#'
NEED_I2C_CONTEXT_FALSE=''
NEED_I2C_CONTEXT_TRUE='#'
NEED_LIBZ_FALSE=''
NEED_LIBZ_TRUE='#'
NEXT_AS_FIRST_DIRECTIVE_SIGNAL_H='<signal.h>'
NEXT_AS_FIRST_DIRECTIVE_STDDEF_H=''
NEXT_AS_FIRST_DIRECTIVE_STDINT_H='<stdint.h>'
NEXT_AS_FIRST_DIRECTIVE_STRING_H='<string.h>'
NEXT_SIGNAL_H='<signal.h>'
NEXT_STDDEF_H=''
NEXT_STDINT_H='<stdint.h>'
NEXT_STRING_H='<string.h>'
OBJEXT='o'
PACKAGE='cgminer'
PACKAGE_BUGREPORT='kernel@kolivas.org'
PACKAGE_NAME='cgminer'
PACKAGE_STRING='cgminer 4.12.0-wrk'
PACKAGE_TARNAME='cgminer'
PACKAGE_URL=''
PACKAGE_VERSION='4.12.0-wrk'
PATH_SEPARATOR=':'
PDCURSES_LIBS=''
PKG_CONFIG='/usr/bin/pkg-config'
PKG_CONFIG_LIBDIR=''
PKG_CONFIG_PATH=''
PRAGMA_COLUMNS=''
PRAGMA_SYSTEM_HEADER='#pragma GCC system_header'
PTHREAD_FLAGS='-lpthread'
PTHREAD_LIBS='-lpthread'
PTRDIFF_T_SUFFIX=''
RANLIB='ranlib'
REPLACE_MEMCHR='0'
REPLACE_MEMMEM='0'
REPLACE_NULL='0'
REPLACE_STPNCPY='0'
REPLACE_STRCASESTR='0'
REPLACE_STRCHRNUL='0'
REPLACE_STRDUP='0'
REPLACE_STRERROR='0'
REPLACE_STRERROR_R='0'
REPLACE_STRNCAT='0'
REPLACE_STRNDUP='0'
REPLACE_STRNLEN='0'
REPLACE_STRSIGNAL='0'
REPLACE_STRSTR='0'
REPLACE_STRTOK_R='0'
RT_LIBS='-lrt'
SET_MAKE=''
SHELL='/bin/bash'
SIG_ATOMIC_T_SUFFIX=''
SIZE_T_SUFFIX=''
STATIC_CURL_FALSE=''
STATIC_CURL_TRUE='#'
STDDEF_H=''
STDINT_H=''
STRIP=''
UNDEFINE_STRTOK_R='0'
VERSION='4.12.0-wrk'
VMAJ='4'
WANT_CRC16_FALSE='#'
WANT_CRC16_TRUE=''
WANT_LIBBITFURY_FALSE=''
WANT_LIBBITFURY_TRUE='#'
WANT_STATIC_JANSSON_FALSE='#'
WANT_STATIC_JANSSON_TRUE=''
WANT_STATIC_LIBUSB_FALSE='#'
WANT_STATIC_LIBUSB_TRUE=''
WANT_USBUTILS_FALSE='#'
WANT_USBUTILS_TRUE=''
WCHAR_T_SUFFIX=''
WINT_T_SUFFIX=''
WS2_LIBS=''
ac_ct_CC='gcc'
am__EXEEXT_FALSE=''
am__EXEEXT_TRUE='#'
am__fastdepCC_FALSE='#'
am__fastdepCC_TRUE=''
am__include='include'
am__isrc=''
am__leading_dot='.'
am__nodep='_no'
am__quote=''
am__tar='$${TAR-tar} chof - "$$tardir"'
am__untar='$${TAR-tar} xf -'
bindir='${exec_prefix}/bin'
build='x86_64-pc-linux-gnu'
build_alias=''
build_cpu='x86_64'
build_os='linux-gnu'
build_vendor='pc'
datadir='${datarootdir}'
datarootdir='${prefix}/share'
docdir='${datarootdir}/doc/${PACKAGE_TARNAME}'
dvidir='${docdir}'
exec_prefix='${prefix}'
gl_LIBOBJS=''
gl_LTLIBOBJS=''
gltests_LIBOBJS=''
gltests_LTLIBOBJS=''
gltests_WITNESS='IN_CGMINER_GNULIB_TESTS'
host='x86_64-pc-linux-gnu'
host_alias=''
host_cpu='x86_64'
host_os='linux-gnu'
host_vendor='pc'
htmldir='${docdir}'
includedir='${prefix}/include'
infodir='${datarootdir}/info'
install_sh='${SHELL} /home/wareck/cgminer-ants3/install-sh'
libdir='${exec_prefix}/lib'
libexecdir='${exec_prefix}/libexec'
localedir='${datarootdir}/locale'
localstatedir='${prefix}/var'
mandir='${datarootdir}/man'
mkdir_p='$(MKDIR_P)'
oldincludedir='/usr/include'
pdfdir='${docdir}'
prefix='/usr/local'
program_transform_name='s,x,x,'
psdir='${docdir}'
release_info=''
runstatedir='${localstatedir}/run'
sbindir='${exec_prefix}/sbin'
sharedstatedir='${prefix}/com'
subdirs=' compat/libusb-1.0 compat/jansson-2.9'
sysconfdir='${prefix}/etc'
target='x86_64-pc-linux-gnu'
target_alias=''
target_cpu='x86_64'
target_os='linux-gnu'
target_vendor='pc'
version_info='16:0-wrk:12'

## ----------- ##
## confdefs.h. ##
## ----------- ##

/* confdefs.h */
#define PACKAGE_NAME "cgminer"
#define PACKAGE_TARNAME "cgminer"
#define PACKAGE_VERSION "4.12.0-wrk"
#define PACKAGE_STRING "cgminer 4.12.0-wrk"
#define PACKAGE_BUGREPORT "kernel@kolivas.org"
#define PACKAGE_URL ""
#define PACKAGE "cgminer"
#define VERSION "4.12.0-wrk"
#define STDC_HEADERS 1
#define HAVE_SYS_TYPES_H 1
#define HAVE_SYS_STAT_H 1
#define HAVE_STDLIB_H 1
#define HAVE_STRING_H 1
#define HAVE_MEMORY_H 1
#define HAVE_STRINGS_H 1
#define HAVE_INTTYPES_H 1
#define HAVE_STDINT_H 1
#define HAVE_UNISTD_H 1
#define __EXTENSIONS__ 1
#define _ALL_SOURCE 1
#define _GNU_SOURCE 1
#define _POSIX_PTHREAD_SEMANTICS 1
#define _TANDEM_SOURCE 1
#define CGMINER_MAJOR_VERSION 4
#define CGMINER_MINOR_VERSION 12
#define CGMINER_MINOR_SUBVERSION 0-wrk
#define HAVE_SYS_MMAN_H 1
#define HAVE_WCHAR_H 1
#define HAVE_STDINT_H 1
#define HAVE_MPROTECT 1
#define HAVE_SIGACTION 1
#define HAVE_SIGALTSTACK 1
#define HAVE_SIGINTERRUPT 1
#define HAVE_MAP_ANONYMOUS 1
#define HAVE_DECL_MEMMEM 1
#define HAVE_MEMMEM 1
#define restrict __restrict
#define HAVE_WCHAR_T 1
#define HAVE_UNSIGNED_LONG_LONG_INT 1
#define HAVE_LONG_LONG_INT 1
#define HAVE_RAW_DECL_MEMMEM 1
#define HAVE_RAW_DECL_MEMPCPY 1
#define HAVE_RAW_DECL_MEMRCHR 1
#define HAVE_RAW_DECL_RAWMEMCHR 1
#define HAVE_RAW_DECL_STPCPY 1
#define HAVE_RAW_DECL_STPNCPY 1
#define HAVE_RAW_DECL_STRCHRNUL 1
#define HAVE_RAW_DECL_STRDUP 1
#define HAVE_RAW_DECL_STRNCAT 1
#define HAVE_RAW_DECL_STRNDUP 1
#define HAVE_RAW_DECL_STRNLEN 1
#define HAVE_RAW_DECL_STRPBRK 1
#define HAVE_RAW_DECL_STRSEP 1
#define HAVE_RAW_DECL_STRCASESTR 1
#define HAVE_RAW_DECL_STRTOK_R 1
#define HAVE_RAW_DECL_STRERROR_R 1
#define HAVE_RAW_DECL_STRSIGNAL 1
#define HAVE_RAW_DECL_STRVERSCMP 1
#define GNULIB_TEST_MEMCHR 1
#define HAVE_MEMMEM 1
#define GNULIB_TEST_MEMMEM 1
#define HAVE_STRUCT_SIGACTION_SA_SIGACTION 1
#define GNULIB_TEST_SIGACTION 1
#define HAVE_RAW_DECL_SIGACTION 1
#define HAVE_RAW_DECL_SIGADDSET 1
#define HAVE_RAW_DECL_SIGDELSET 1
#define HAVE_RAW_DECL_SIGEMPTYSET 1
#define HAVE_RAW_DECL_SIGFILLSET 1
#define HAVE_RAW_DECL_SIGISMEMBER 1
#define HAVE_RAW_DECL_SIGPENDING 1
#define HAVE_RAW_DECL_SIGPROCMASK 1
#define GNULIB_TEST_SIGPROCMASK 1
#define STDC_HEADERS 1
#define HAVE_SYSLOG_H 1
#define HAVE_ALLOCA_H 1
#define HAVE_ALLOCA 1
#define HAVE_LIBPTHREAD 1
#define USE_ANT_S3 1
#define HAVE_CURSES 1
#define USE_USBUTILS 1
#define CURL_HAS_KEEPALIVE 1
#define HAVE_LIBCURL 1
#define EXECV_2ND_ARG_TYPE char* const*
#define HAVE_ATTRIBUTE_COLD 1
#define HAVE_ATTRIBUTE_CONST 1
#define HAVE_ATTRIBUTE_NORETURN 1
#define HAVE_ATTRIBUTE_PRINTF 1
#define HAVE_ATTRIBUTE_UNUSED 1
#define HAVE_ATTRIBUTE_USED 1
#define HAVE_BUILTIN_CONSTANT_P 1
#define HAVE_BUILTIN_TYPES_COMPATIBLE_P 1
#define HAVE_WARN_UNUSED_RESULT 1
#define CGMINER_PREFIX "/usr/local/bin"

configure: exit 0
