This file contains any messages produced by compilers while
running configure, to aid debugging if configure makes a mistake.

It was created by libusb configure 1.0.16-rc10, which was
generated by GNU Autoconf 2.69.  Invocation command line was

  $ ./configure --disable-option-checking --prefix=/usr/local --enable-ants3 --cache-file=/dev/null --srcdir=.

## --------- ##
## Platform. ##
## --------- ##

hostname = clockg
uname -m = armv6l
uname -r = 5.10.63+
uname -s = Linux
uname -v = #1459 Wed Oct 6 16:40:27 BST 2021

/usr/bin/uname -p = unknown
/bin/uname -X     = unknown

/bin/arch              = armv6l
/usr/bin/arch -k       = unknown
/usr/convex/getsysinfo = unknown
/usr/bin/hostinfo      = unknown
/bin/machine           = unknown
/usr/bin/oslevel       = unknown
/bin/universe          = unknown

PATH: /usr/local/sbin
PATH: /usr/local/bin
PATH: /usr/sbin
PATH: /usr/bin
PATH: /sbin
PATH: /bin
PATH: /usr/local/games
PATH: /usr/games


## ----------- ##
## Core tests. ##
## ----------- ##

configure:2419: checking for a BSD-compatible install
configure:2487: result: /usr/bin/install -c
configure:2498: checking whether build environment is sane
configure:2553: result: yes
configure:2702: checking for a thread-safe mkdir -p
configure:2741: result: /usr/bin/mkdir -p
configure:2748: checking for gawk
configure:2778: result: no
configure:2748: checking for mawk
configure:2764: found /usr/bin/mawk
configure:2775: result: mawk
configure:2786: checking whether make sets $(MAKE)
configure:2808: result: yes
configure:2837: checking whether make supports nested variables
configure:2854: result: yes
configure:2981: checking whether to enable maintainer-specific portions of Makefiles
configure:2990: result: no
configure:3019: checking whether make supports nested variables
configure:3036: result: yes
configure:3097: checking for gcc
configure:3113: found /usr/bin/gcc
configure:3124: result: gcc
configure:3353: checking for C compiler version
configure:3362: gcc --version >&5
gcc (Raspbian 8.3.0-6+rpi1) 8.3.0
Copyright (C) 2018 Free Software Foundation, Inc.
This is free software; see the source for copying conditions.  There is NO
warranty; not even for MERCHANTABILITY or FITNESS FOR A PARTICULAR PURPOSE.

configure:3373: $? = 0
configure:3362: gcc -v >&5
Using built-in specs.
COLLECT_GCC=gcc
COLLECT_LTO_WRAPPER=/usr/lib/gcc/arm-linux-gnueabihf/8/lto-wrapper
Target: arm-linux-gnueabihf
Configured with: ../src/configure -v --with-pkgversion='Raspbian 8.3.0-6+rpi1' --with-bugurl=file:///usr/share/doc/gcc-8/README.Bugs --enable-languages=c,ada,c++,go,d,fortran,objc,obj-c++ --prefix=/usr --with-gcc-major-version-only --program-suffix=-8 --program-prefix=arm-linux-gnueabihf- --enable-shared --enable-linker-build-id --libexecdir=/usr/lib --without-included-gettext --enable-threads=posix --libdir=/usr/lib --enable-nls --enable-bootstrap --enable-clocale=gnu --enable-libstdcxx-debug --enable-libstdcxx-time=yes --with-default-libstdcxx-abi=new --enable-gnu-unique-object --disable-libitm --disable-libquadmath --disable-libquadmath-support --enable-plugin --with-system-zlib --with-target-system-zlib --enable-objc-gc=auto --enable-multiarch --disable-sjlj-exceptions --with-arch=armv6 --with-fpu=vfp --with-float=hard --disable-werror --enable-checking=release --build=arm-linux-gnueabihf --host=arm-linux-gnueabihf --target=arm-linux-gnueabihf
Thread model: posix
gcc version 8.3.0 (Raspbian 8.3.0-6+rpi1) 
configure:3373: $? = 0
configure:3362: gcc -V >&5
gcc: error: unrecognized command line option '-V'
gcc: fatal error: no input files
compilation terminated.
configure:3373: $? = 1
configure:3362: gcc -qversion >&5
gcc: error: unrecognized command line option '-qversion'; did you mean '--version'?
gcc: fatal error: no input files
compilation terminated.
configure:3373: $? = 1
configure:3393: checking whether the C compiler works
configure:3415: gcc    conftest.c  >&5
configure:3419: $? = 0
configure:3467: result: yes
configure:3470: checking for C compiler default output file name
configure:3472: result: a.out
configure:3478: checking for suffix of executables
configure:3485: gcc -o conftest    conftest.c  >&5
configure:3489: $? = 0
configure:3511: result: 
configure:3533: checking whether we are cross compiling
configure:3541: gcc -o conftest    conftest.c  >&5
configure:3545: $? = 0
configure:3552: ./conftest
configure:3556: $? = 0
configure:3544: result: no
configure:3549: checking for suffix of object files
configure:3571: gcc -c   conftest.c >&5
configure:3575: $? = 0
configure:3596: result: o
configure:3600: checking whether we are using the GNU C compiler
configure:3619: gcc -c   conftest.c >&5
configure:3619: $? = 0
configure:3628: result: yes
configure:3637: checking whether gcc accepts -g
configure:3657: gcc -c -g  conftest.c >&5
configure:3657: $? = 0
configure:3698: result: yes
configure:3715: checking for gcc option to accept ISO C89
configure:3778: gcc  -c -g -O2  conftest.c >&5
configure:3778: $? = 0
configure:3791: result: none needed
configure:3816: checking whether gcc understands -c and -o together
configure:3838: gcc -c conftest.c -o conftest2.o
configure:3841: $? = 0
configure:3838: gcc -c conftest.c -o conftest2.o
configure:3841: $? = 0
configure:3853: result: yes
configure:3873: checking whether make supports the include directive
configure:3888: make -f confmf.GNU && cat confinc.out
this is the am__doit target
configure:3891: $? = 0
configure:3910: result: yes (GNU style)
configure:3935: checking dependency style of gcc
configure:4046: result: gcc3
configure:4090: checking build system type
configure:4104: result: armv6l-unknown-linux-gnueabihf
configure:4124: checking host system type
configure:4137: result: armv6l-unknown-linux-gnueabihf
configure:4178: checking how to print strings
configure:4205: result: printf
configure:4226: checking for a sed that does not truncate output
configure:4290: result: /usr/bin/sed
configure:4308: checking for grep that handles long lines and -e
configure:4366: result: /usr/bin/grep
configure:4371: checking for egrep
configure:4433: result: /usr/bin/grep -E
configure:4438: checking for fgrep
configure:4500: result: /usr/bin/grep -F
configure:4535: checking for ld used by gcc
configure:4602: result: /usr/bin/ld
configure:4609: checking if the linker (/usr/bin/ld) is GNU ld
configure:4624: result: yes
configure:4636: checking for BSD- or MS-compatible name lister (nm)
configure:4690: result: /usr/bin/nm -B
configure:4820: checking the name lister (/usr/bin/nm -B) interface
configure:4827: gcc -c -g -O2  conftest.c >&5
configure:4830: /usr/bin/nm -B "conftest.o"
configure:4833: output
00000000 B some_variable
configure:4834: result: BSD nm
configure:4837: checking whether ln -s works
configure:4841: result: yes
configure:4849: checking the maximum length of command line arguments
configure:4980: result: 1572864
configure:5028: checking how to convert armv6l-unknown-linux-gnueabihf file names to armv6l-unknown-linux-gnueabihf format
configure:5068: result: func_convert_file_noop
configure:5075: checking how to convert armv6l-unknown-linux-gnueabihf file names to toolchain format
configure:5095: result: func_convert_file_noop
configure:5102: checking for /usr/bin/ld option to reload object files
configure:5109: result: -r
configure:5183: checking for objdump
configure:5199: found /usr/bin/objdump
configure:5210: result: objdump
configure:5242: checking how to recognize dependent libraries
configure:5442: result: pass_all
configure:5527: checking for dlltool
configure:5557: result: no
configure:5587: checking how to associate runtime and link libraries
configure:5614: result: printf %s\n
configure:5675: checking for ar
configure:5691: found /usr/bin/ar
configure:5702: result: ar
configure:5739: checking for archiver @FILE support
configure:5756: gcc -c -g -O2  conftest.c >&5
configure:5756: $? = 0
configure:5759: ar cru libconftest.a @conftest.lst >&5
ar: `u' modifier ignored since `D' is the default (see `U')
configure:5762: $? = 0
configure:5767: ar cru libconftest.a @conftest.lst >&5
ar: `u' modifier ignored since `D' is the default (see `U')
ar: conftest.o: No such file or directory
configure:5770: $? = 1
configure:5769: result: @
configure:5827: checking for strip
configure:5843: found /usr/bin/strip
configure:5854: result: strip
configure:5926: checking for ranlib
configure:5942: found /usr/bin/ranlib
configure:5953: result: ranlib
configure:6055: checking command to parse /usr/bin/nm -B output from gcc object
configure:6208: gcc -c -g -O2  conftest.c >&5
configure:6211: $? = 0
configure:6215: /usr/bin/nm -B conftest.o | sed -n -e 's/^.*[	 ]\([ABCDGIRSTW][ABCDGIRSTW]*\)[	 ][	 ]*\([_A-Za-z][_A-Za-z0-9]*\)$/\1 \2 \2/p' | sed '/ __gnu_lto/d' > conftest.nm
configure:6281: gcc -o conftest -g -O2   conftest.c conftstm.o >&5
configure:6284: $? = 0
configure:6322: result: ok
configure:6369: checking for sysroot
configure:6399: result: no
configure:6406: checking for a working dd
configure:6444: result: /usr/bin/dd
configure:6448: checking how to truncate binary pipes
configure:6463: result: /usr/bin/dd bs=4096 count=1
configure:6792: checking for mt
configure:6808: found /usr/bin/mt
configure:6819: result: mt
configure:6842: checking if mt is a manifest tool
configure:6848: mt '-?'
configure:6856: result: no
configure:7533: checking how to run the C preprocessor
configure:7564: gcc -E  conftest.c
configure:7564: $? = 0
configure:7578: gcc -E  conftest.c
conftest.c:11:10: fatal error: ac_nonexistent.h: No such file or directory
 #include <ac_nonexistent.h>
          ^~~~~~~~~~~~~~~~~~
compilation terminated.
configure:7578: $? = 1
configure: failed program was:
| /* confdefs.h */
| #define PACKAGE_NAME "libusb"
| #define PACKAGE_TARNAME "libusb"
| #define PACKAGE_VERSION "1.0.16-rc10"
| #define PACKAGE_STRING "libusb 1.0.16-rc10"
| #define PACKAGE_BUGREPORT "libusb-devel@lists.sourceforge.net"
| #define PACKAGE_URL "http://www.libusb.org/"
| #define PACKAGE "libusb"
| #define VERSION "1.0.16-rc10"
| /* end confdefs.h.  */
| #include <ac_nonexistent.h>
configure:7603: result: gcc -E
configure:7623: gcc -E  conftest.c
configure:7623: $? = 0
configure:7637: gcc -E  conftest.c
conftest.c:11:10: fatal error: ac_nonexistent.h: No such file or directory
 #include <ac_nonexistent.h>
          ^~~~~~~~~~~~~~~~~~
compilation terminated.
configure:7637: $? = 1
configure: failed program was:
| /* confdefs.h */
| #define PACKAGE_NAME "libusb"
| #define PACKAGE_TARNAME "libusb"
| #define PACKAGE_VERSION "1.0.16-rc10"
| #define PACKAGE_STRING "libusb 1.0.16-rc10"
| #define PACKAGE_BUGREPORT "libusb-devel@lists.sourceforge.net"
| #define PACKAGE_URL "http://www.libusb.org/"
| #define PACKAGE "libusb"
| #define VERSION "1.0.16-rc10"
| /* end confdefs.h.  */
| #include <ac_nonexistent.h>
configure:7666: checking for ANSI C header files
configure:7686: gcc -c -g -O2  conftest.c >&5
configure:7686: $? = 0
configure:7759: gcc -o conftest -g -O2   conftest.c  >&5
configure:7759: $? = 0
configure:7759: ./conftest
configure:7759: $? = 0
configure:7770: result: yes
configure:7783: checking for sys/types.h
configure:7783: gcc -c -g -O2  conftest.c >&5
configure:7783: $? = 0
configure:7783: result: yes
configure:7783: checking for sys/stat.h
configure:7783: gcc -c -g -O2  conftest.c >&5
configure:7783: $? = 0
configure:7783: result: yes
configure:7783: checking for stdlib.h
configure:7783: gcc -c -g -O2  conftest.c >&5
configure:7783: $? = 0
configure:7783: result: yes
configure:7783: checking for string.h
configure:7783: gcc -c -g -O2  conftest.c >&5
configure:7783: $? = 0
configure:7783: result: yes
configure:7783: checking for memory.h
configure:7783: gcc -c -g -O2  conftest.c >&5
configure:7783: $? = 0
configure:7783: result: yes
configure:7783: checking for strings.h
configure:7783: gcc -c -g -O2  conftest.c >&5
configure:7783: $? = 0
configure:7783: result: yes
configure:7783: checking for inttypes.h
configure:7783: gcc -c -g -O2  conftest.c >&5
configure:7783: $? = 0
configure:7783: result: yes
configure:7783: checking for stdint.h
configure:7783: gcc -c -g -O2  conftest.c >&5
configure:7783: $? = 0
configure:7783: result: yes
configure:7783: checking for unistd.h
configure:7783: gcc -c -g -O2  conftest.c >&5
configure:7783: $? = 0
configure:7783: result: yes
configure:7797: checking for dlfcn.h
configure:7797: gcc -c -g -O2  conftest.c >&5
configure:7797: $? = 0
configure:7797: result: yes
configure:8053: checking for objdir
configure:8068: result: .libs
configure:8332: checking if gcc supports -fno-rtti -fno-exceptions
configure:8350: gcc -c -g -O2  -fno-rtti -fno-exceptions conftest.c >&5
cc1: warning: command line option '-fno-rtti' is valid for C++/ObjC++ but not for C
configure:8354: $? = 0
configure:8367: result: no
configure:8725: checking for gcc option to produce PIC
configure:8732: result: -fPIC -DPIC
configure:8740: checking if gcc PIC flag -fPIC -DPIC works
configure:8758: gcc -c -g -O2  -fPIC -DPIC -DPIC conftest.c >&5
configure:8762: $? = 0
configure:8775: result: yes
configure:8804: checking if gcc static flag -static works
configure:8832: result: yes
configure:8847: checking if gcc supports -c -o file.o
configure:8868: gcc -c -g -O2  -o out/conftest2.o conftest.c >&5
configure:8872: $? = 0
configure:8894: result: yes
configure:8902: checking if gcc supports -c -o file.o
configure:8949: result: yes
configure:8982: checking whether the gcc linker (/usr/bin/ld) supports shared libraries
configure:10245: result: yes
configure:10282: checking whether -lc should be explicitly linked in
configure:10290: gcc -c -g -O2  conftest.c >&5
configure:10293: $? = 0
configure:10308: gcc -shared  -fPIC -DPIC conftest.o  -v -Wl,-soname -Wl,conftest -o conftest 2\>\&1 \| /usr/bin/grep  -lc  \>/dev/null 2\>\&1
configure:10311: $? = 0
configure:10325: result: no
configure:10485: checking dynamic linker characteristics
configure:11066: gcc -o conftest -g -O2   -Wl,-rpath -Wl,/foo conftest.c  >&5
configure:11066: $? = 0
configure:11315: result: GNU/Linux ld.so
configure:11437: checking how to hardcode library paths into programs
configure:11462: result: immediate
configure:12010: checking whether stripping libraries is possible
configure:12015: result: yes
configure:12050: checking if libtool supports shared libraries
configure:12052: result: yes
configure:12055: checking whether to build shared libraries
configure:12080: result: yes
configure:12083: checking whether to build static libraries
configure:12087: result: yes
configure:8943: checking for windres
configure:8973: result: no
configure:9070: checking for inline
configure:9086: gcc -c -g -O2  conftest.c >&5
configure:9086: $? = 0
configure:9094: result: inline
configure:9119: checking operating system
configure:9123: result: Linux
configure:9162: checking for clock_gettime in -lrt
configure:9187: gcc -o conftest -g -O2   conftest.c -lrt   >&5
configure:9187: $? = 0
configure:9196: result: yes
configure:9213: checking libudev.h usability
configure:9213: gcc -c -g -O2  conftest.c >&5
configure:9213: $? = 0
configure:9213: result: yes
configure:9213: checking libudev.h presence
configure:9213: gcc -E  conftest.c
configure:9213: $? = 0
configure:9213: result: yes
configure:9213: checking for libudev.h
configure:9213: result: yes
configure:9225: checking for udev_new in -ludev
configure:9250: gcc -o conftest -g -O2   conftest.c -ludev   >&5
configure:9250: $? = 0
configure:9259: result: yes
configure:9298: checking poll.h usability
configure:9298: gcc -c -g -O2  conftest.c >&5
configure:9298: $? = 0
configure:9298: result: yes
configure:9298: checking poll.h presence
configure:9298: gcc -E  conftest.c
configure:9298: $? = 0
configure:9298: result: yes
configure:9298: checking for poll.h
configure:9298: result: yes
configure:9438: checking sys/timerfd.h usability
configure:9438: gcc -c -g -O2  conftest.c >&5
configure:9438: $? = 0
configure:9438: result: yes
configure:9438: checking sys/timerfd.h presence
configure:9438: gcc -E  conftest.c
configure:9438: $? = 0
configure:9438: result: yes
configure:9438: checking for sys/timerfd.h
configure:9438: result: yes
configure:9458: checking whether TFD_NONBLOCK is declared
configure:9458: gcc -c -g -O2  conftest.c >&5
configure:9458: $? = 0
configure:9458: result: yes
configure:9470: checking whether to use timerfd for timing
configure:9477: result: yes
configure:9488: checking for struct timespec
configure:9488: gcc -c -g -O2  conftest.c >&5
configure:9488: $? = 0
configure:9488: gcc -c -g -O2  conftest.c >&5
conftest.c: In function 'main':
conftest.c:68:30: error: expected expression before ')' token
 if (sizeof ((struct timespec)))
                              ^
configure:9488: $? = 1
configure: failed program was:
| /* confdefs.h */
| #define PACKAGE_NAME "libusb"
| #define PACKAGE_TARNAME "libusb"
| #define PACKAGE_VERSION "1.0.16-rc10"
| #define PACKAGE_STRING "libusb 1.0.16-rc10"
| #define PACKAGE_BUGREPORT "libusb-devel@lists.sourceforge.net"
| #define PACKAGE_URL "http://www.libusb.org/"
| #define PACKAGE "libusb"
| #define VERSION "1.0.16-rc10"
| #define STDC_HEADERS 1
| #define HAVE_SYS_TYPES_H 1
| #define HAVE_SYS_STAT_H 1
| #define HAVE_STDLIB_H 1
| #define HAVE_STRING_H 1
| #define HAVE_MEMORY_H 1
| #define HAVE_STRINGS_H 1
| #define HAVE_INTTYPES_H 1
| #define HAVE_STDINT_H 1
| #define HAVE_UNISTD_H 1
| #define HAVE_DLFCN_H 1
| #define LT_OBJDIR ".libs/"
| #define _GNU_SOURCE 1
| #define OS_LINUX 1
| #define HAVE_LIBUDEV_H 1
| #define HAVE_LIBUDEV 1
| #define USE_UDEV 1
| #define HAVE_POLL_H 1
| #define POLL_NFDS_TYPE nfds_t
| #define THREADS_POSIX 1
| #define USBI_TIMERFD_AVAILABLE 1
| /* end confdefs.h.  */
| #include <stdio.h>
| #ifdef HAVE_SYS_TYPES_H
| # include <sys/types.h>
| #endif
| #ifdef HAVE_SYS_STAT_H
| # include <sys/stat.h>
| #endif
| #ifdef STDC_HEADERS
| # include <stdlib.h>
| # include <stddef.h>
| #else
| # ifdef HAVE_STDLIB_H
| #  include <stdlib.h>
| # endif
| #endif
| #ifdef HAVE_STRING_H
| # if !defined STDC_HEADERS && defined HAVE_MEMORY_H
| #  include <memory.h>
| # endif
| # include <string.h>
| #endif
| #ifdef HAVE_STRINGS_H
| # include <strings.h>
| #endif
| #ifdef HAVE_INTTYPES_H
| # include <inttypes.h>
| #endif
| #ifdef HAVE_STDINT_H
| # include <stdint.h>
| #endif
| #ifdef HAVE_UNISTD_H
| # include <unistd.h>
| #endif
| int
| main ()
| {
| if (sizeof ((struct timespec)))
| 	    return 0;
|   ;
|   return 0;
| }
configure:9488: result: yes
configure:9558: gcc -c -g -O2 -Werror -fvisibility=hidden  conftest.c >&5
configure:9558: $? = 0
configure:9586: gcc -c -g -O2 -Wno-pointer-sign  conftest.c >&5
configure:9586: $? = 0
configure:9595: checking for sigaction
configure:9595: gcc -o conftest -g -O2   conftest.c -ludev  -pthread >&5
configure:9595: $? = 0
configure:9595: result: yes
configure:9614: checking sys/time.h usability
configure:9614: gcc -c -g -O2  conftest.c >&5
configure:9614: $? = 0
configure:9614: result: yes
configure:9614: checking sys/time.h presence
configure:9614: gcc -E  conftest.c
configure:9614: $? = 0
configure:9614: result: yes
configure:9614: checking for sys/time.h
configure:9614: result: yes
configure:9626: checking for gettimeofday
configure:9626: gcc -o conftest -g -O2   conftest.c -ludev  -pthread >&5
configure:9626: $? = 0
configure:9626: result: yes
configure:9748: checking that generated files are newer than configure
configure:9754: result: done
configure:9813: creating ./config.status

## ---------------------- ##
## Running config.status. ##
## ---------------------- ##

This file was extended by libusb config.status 1.0.16-rc10, which was
generated by GNU Autoconf 2.69.  Invocation command line was

  CONFIG_FILES    = 
  CONFIG_HEADERS  = 
  CONFIG_LINKS    = 
  CONFIG_COMMANDS = 
  $ ./config.status 

on clockg

config.status:1168: creating libusb-1.0.pc
config.status:1168: creating Makefile
config.status:1168: creating libusb/Makefile
config.status:1168: creating config.h
config.status:1397: executing depfiles commands
config.status:1474: cd libusb       && sed -e '/# am--include-marker/d' Makefile         | make -f - am--depfiles
make: Nothing to be done for 'am--depfiles'.
config.status:1479: $? = 0
config.status:1397: executing libtool commands

## ---------------- ##
## Cache variables. ##
## ---------------- ##

ac_cv_build=armv6l-unknown-linux-gnueabihf
ac_cv_c_compiler_gnu=yes
ac_cv_c_inline=inline
ac_cv_env_CC_set=
ac_cv_env_CC_value=
ac_cv_env_CFLAGS_set=
ac_cv_env_CFLAGS_value=
ac_cv_env_CPPFLAGS_set=
ac_cv_env_CPPFLAGS_value=
ac_cv_env_CPP_set=
ac_cv_env_CPP_value=
ac_cv_env_LDFLAGS_set=
ac_cv_env_LDFLAGS_value=
ac_cv_env_LIBS_set=
ac_cv_env_LIBS_value=
ac_cv_env_LT_SYS_LIBRARY_PATH_set=
ac_cv_env_LT_SYS_LIBRARY_PATH_value=
ac_cv_env_build_alias_set=
ac_cv_env_build_alias_value=
ac_cv_env_host_alias_set=
ac_cv_env_host_alias_value=
ac_cv_env_target_alias_set=
ac_cv_env_target_alias_value=
ac_cv_func_gettimeofday=yes
ac_cv_func_sigaction=yes
ac_cv_have_decl_TFD_NONBLOCK=yes
ac_cv_header_dlfcn_h=yes
ac_cv_header_inttypes_h=yes
ac_cv_header_libudev_h=yes
ac_cv_header_memory_h=yes
ac_cv_header_poll_h=yes
ac_cv_header_stdc=yes
ac_cv_header_stdint_h=yes
ac_cv_header_stdlib_h=yes
ac_cv_header_string_h=yes
ac_cv_header_strings_h=yes
ac_cv_header_sys_stat_h=yes
ac_cv_header_sys_time_h=yes
ac_cv_header_sys_timerfd_h=yes
ac_cv_header_sys_types_h=yes
ac_cv_header_unistd_h=yes
ac_cv_host=armv6l-unknown-linux-gnueabihf
ac_cv_lib_rt_clock_gettime=yes
ac_cv_lib_udev_udev_new=yes
ac_cv_objext=o
ac_cv_path_EGREP='/usr/bin/grep -E'
ac_cv_path_FGREP='/usr/bin/grep -F'
ac_cv_path_GREP=/usr/bin/grep
ac_cv_path_SED=/usr/bin/sed
ac_cv_path_install='/usr/bin/install -c'
ac_cv_path_lt_DD=/usr/bin/dd
ac_cv_path_mkdir=/usr/bin/mkdir
ac_cv_prog_AWK=mawk
ac_cv_prog_CPP='gcc -E'
ac_cv_prog_ac_ct_AR=ar
ac_cv_prog_ac_ct_CC=gcc
ac_cv_prog_ac_ct_MANIFEST_TOOL=mt
ac_cv_prog_ac_ct_OBJDUMP=objdump
ac_cv_prog_ac_ct_RANLIB=ranlib
ac_cv_prog_ac_ct_STRIP=strip
ac_cv_prog_cc_c89=
ac_cv_prog_cc_g=yes
ac_cv_prog_make_make_set=yes
ac_cv_type_struct_timespec=yes
am_cv_CC_dependencies_compiler_type=gcc3
am_cv_make_support_nested_variables=yes
am_cv_prog_cc_c_o=yes
lt_cv_ar_at_file=@
lt_cv_archive_cmds_need_lc=no
lt_cv_deplibs_check_method=pass_all
lt_cv_file_magic_cmd='$MAGIC_CMD'
lt_cv_file_magic_test_file=
lt_cv_ld_reload_flag=-r
lt_cv_nm_interface='BSD nm'
lt_cv_objdir=.libs
lt_cv_path_LD=/usr/bin/ld
lt_cv_path_NM='/usr/bin/nm -B'
lt_cv_path_mainfest_tool=no
lt_cv_prog_compiler_c_o=yes
lt_cv_prog_compiler_c_o_RC=yes
lt_cv_prog_compiler_pic='-fPIC -DPIC'
lt_cv_prog_compiler_pic_works=yes
lt_cv_prog_compiler_rtti_exceptions=no
lt_cv_prog_compiler_static_works=yes
lt_cv_prog_gnu_ld=yes
lt_cv_sharedlib_from_linklib_cmd='printf %s\n'
lt_cv_shlibpath_overrides_runpath=yes
lt_cv_sys_global_symbol_pipe='sed -n -e '\''s/^.*[	 ]\([ABCDGIRSTW][ABCDGIRSTW]*\)[	 ][	 ]*\([_A-Za-z][_A-Za-z0-9]*\)$/\1 \2 \2/p'\'' | sed '\''/ __gnu_lto/d'\'''
lt_cv_sys_global_symbol_to_c_name_address='sed -n -e '\''s/^: \(.*\) .*$/  {"\1", (void *) 0},/p'\'' -e '\''s/^[ABCDGIRSTW][ABCDGIRSTW]* .* \(.*\)$/  {"\1", (void *) \&\1},/p'\'''
lt_cv_sys_global_symbol_to_c_name_address_lib_prefix='sed -n -e '\''s/^: \(.*\) .*$/  {"\1", (void *) 0},/p'\'' -e '\''s/^[ABCDGIRSTW][ABCDGIRSTW]* .* \(lib.*\)$/  {"\1", (void *) \&\1},/p'\'' -e '\''s/^[ABCDGIRSTW][ABCDGIRSTW]* .* \(.*\)$/  {"lib\1", (void *) \&\1},/p'\'''
lt_cv_sys_global_symbol_to_cdecl='sed -n -e '\''s/^T .* \(.*\)$/extern int \1();/p'\'' -e '\''s/^[ABCDGIRSTW][ABCDGIRSTW]* .* \(.*\)$/extern char \1;/p'\'''
lt_cv_sys_global_symbol_to_import=
lt_cv_sys_max_cmd_len=1572864
lt_cv_to_host_file_cmd=func_convert_file_noop
lt_cv_to_tool_file_cmd=func_convert_file_noop
lt_cv_truncate_bin='/usr/bin/dd bs=4096 count=1'

## ----------------- ##
## Output variables. ##
## ----------------- ##

ACLOCAL='${SHELL} /home/pi/cgminer-ants3/compat/libusb-1.0/missing aclocal-1.16'
AMDEPBACKSLASH='\'
AMDEP_FALSE='#'
AMDEP_TRUE=''
AMTAR='$${TAR-tar}'
AM_BACKSLASH='\'
AM_CFLAGS='-std=gnu99 -Wall -Wundef -Wunused -Wstrict-prototypes -Werror-implicit-function-declaration -Wno-pointer-sign -Wshadow -pthread -fvisibility=hidden'
AM_DEFAULT_V='$(AM_DEFAULT_VERBOSITY)'
AM_DEFAULT_VERBOSITY='0'
AM_V='$(V)'
AR='ar'
AUTOCONF='${SHELL} /home/pi/cgminer-ants3/compat/libusb-1.0/missing autoconf'
AUTOHEADER='${SHELL} /home/pi/cgminer-ants3/compat/libusb-1.0/missing autoheader'
AUTOMAKE='${SHELL} /home/pi/cgminer-ants3/compat/libusb-1.0/missing automake-1.16'
AWK='mawk'
BUILD_EXAMPLES_FALSE=''
BUILD_EXAMPLES_TRUE='#'
CC='gcc'
CCDEPMODE='depmode=gcc3'
CFLAGS='-g -O2'
CPP='gcc -E'
CPPFLAGS=''
CYGPATH_W='echo'
DEFS='-DHAVE_CONFIG_H'
DEPDIR='.deps'
DLLTOOL='false'
DSYMUTIL=''
DUMPBIN=''
ECHO_C=''
ECHO_N='-n'
ECHO_T=''
EGREP='/usr/bin/grep -E'
EXEEXT=''
FGREP='/usr/bin/grep -F'
GREP='/usr/bin/grep'
HAVE_SIGACTION_FALSE='#'
HAVE_SIGACTION_TRUE=''
INSTALL_DATA='${INSTALL} -m 644'
INSTALL_PROGRAM='${INSTALL}'
INSTALL_SCRIPT='${INSTALL}'
INSTALL_STRIP_PROGRAM='$(install_sh) -c -s'
LD='/usr/bin/ld'
LDFLAGS=''
LIBOBJS=''
LIBS='-ludev  -pthread'
LIBTOOL='$(SHELL) $(top_builddir)/libtool'
LIPO=''
LN_S='ln -s'
LTLDFLAGS='-version-info 2:0:0 -no-undefined'
LTLIBOBJS=''
LT_SYS_LIBRARY_PATH=''
MAINT='#'
MAINTAINER_MODE_FALSE=''
MAINTAINER_MODE_TRUE='#'
MAKEINFO='${SHELL} /home/pi/cgminer-ants3/compat/libusb-1.0/missing makeinfo'
MANIFEST_TOOL=':'
MKDIR_P='/usr/bin/mkdir -p'
NM='/usr/bin/nm -B'
NMEDIT=''
OBJDUMP='objdump'
OBJEXT='o'
OS_DARWIN=''
OS_DARWIN_FALSE=''
OS_DARWIN_TRUE='#'
OS_LINUX=''
OS_LINUX_FALSE='#'
OS_LINUX_TRUE=''
OS_OPENBSD=''
OS_OPENBSD_FALSE=''
OS_OPENBSD_TRUE='#'
OS_WINDOWS=''
OS_WINDOWS_FALSE=''
OS_WINDOWS_TRUE='#'
OTOOL64=''
OTOOL=''
PACKAGE='libusb'
PACKAGE_BUGREPORT='libusb-devel@lists.sourceforge.net'
PACKAGE_NAME='libusb'
PACKAGE_STRING='libusb 1.0.16-rc10'
PACKAGE_TARNAME='libusb'
PACKAGE_URL='http://www.libusb.org/'
PACKAGE_VERSION='1.0.16-rc10'
PATH_SEPARATOR=':'
RANLIB='ranlib'
RC=''
SED='/usr/bin/sed'
SET_MAKE=''
SHELL='/bin/bash'
STRIP='strip'
THREADS_POSIX_FALSE='#'
THREADS_POSIX_TRUE=''
USE_UDEV=''
USE_UDEV_FALSE='#'
USE_UDEV_TRUE=''
VERSION='1.0.16-rc10'
ac_ct_AR='ar'
ac_ct_CC='gcc'
ac_ct_DUMPBIN=''
am__EXEEXT_FALSE=''
am__EXEEXT_TRUE='#'
am__fastdepCC_FALSE='#'
am__fastdepCC_TRUE=''
am__include='include'
am__isrc=''
am__leading_dot='.'
am__nodep='_no'
am__quote=''
am__tar='$${TAR-tar} chof - "$$tardir"'
am__untar='$${TAR-tar} xf -'
bindir='${exec_prefix}/bin'
build='armv6l-unknown-linux-gnueabihf'
build_alias=''
build_cpu='armv6l'
build_os='linux-gnueabihf'
build_vendor='unknown'
datadir='${datarootdir}'
datarootdir='${prefix}/share'
docdir='${datarootdir}/doc/${PACKAGE_TARNAME}'
dvidir='${docdir}'
exec_prefix='${prefix}'
host='armv6l-unknown-linux-gnueabihf'
host_alias=''
host_cpu='armv6l'
host_os='linux-gnueabihf'
host_vendor='unknown'
htmldir='${docdir}'
includedir='${prefix}/include'
infodir='${datarootdir}/info'
install_sh='${SHELL} /home/pi/cgminer-ants3/compat/libusb-1.0/install-sh'
libdir='${exec_prefix}/lib'
libexecdir='${exec_prefix}/libexec'
localedir='${datarootdir}/locale'
localstatedir='${prefix}/var'
mandir='${datarootdir}/man'
mkdir_p='$(MKDIR_P)'
oldincludedir='/usr/include'
pdfdir='${docdir}'
prefix='/usr/local'
program_transform_name='s,x,x,'
psdir='${docdir}'
runstatedir='${localstatedir}/run'
sbindir='${exec_prefix}/sbin'
sharedstatedir='${prefix}/com'
sysconfdir='${prefix}/etc'
target_alias=''

## ----------- ##
## confdefs.h. ##
## ----------- ##

/* confdefs.h */
#define PACKAGE_NAME "libusb"
#define PACKAGE_TARNAME "libusb"
#define PACKAGE_VERSION "1.0.16-rc10"
#define PACKAGE_STRING "libusb 1.0.16-rc10"
#define PACKAGE_BUGREPORT "libusb-devel@lists.sourceforge.net"
#define PACKAGE_URL "http://www.libusb.org/"
#define PACKAGE "libusb"
#define VERSION "1.0.16-rc10"
#define STDC_HEADERS 1
#define HAVE_SYS_TYPES_H 1
#define HAVE_SYS_STAT_H 1
#define HAVE_STDLIB_H 1
#define HAVE_STRING_H 1
#define HAVE_MEMORY_H 1
#define HAVE_STRINGS_H 1
#define HAVE_INTTYPES_H 1
#define HAVE_STDINT_H 1
#define HAVE_UNISTD_H 1
#define HAVE_DLFCN_H 1
#define LT_OBJDIR ".libs/"
#define _GNU_SOURCE 1
#define OS_LINUX 1
#define HAVE_LIBUDEV_H 1
#define HAVE_LIBUDEV 1
#define USE_UDEV 1
#define HAVE_POLL_H 1
#define POLL_NFDS_TYPE nfds_t
#define THREADS_POSIX 1
#define USBI_TIMERFD_AVAILABLE 1
#define HAVE_STRUCT_TIMESPEC 1
#define ENABLE_LOGGING 1
#define DEFAULT_VISIBILITY __attribute__((visibility("default")))
#define HAVE_SYS_TIME_H 1
#define HAVE_GETTIMEOFDAY 1

configure: exit 0
